2024-01-23 00:14:14 [main] DEBUG c.a.t.config.security.JwtAuthFilter -
                Filter 'jwtAuthFilter' configured for use
2024-01-23 00:14:15 [main] INFO  c.a.t.t.mockTests.DbTests.EmptyTests -
                Started EmptyTests in 2.02 seconds (process running for 15.093)
2024-01-23 00:14:16 [main] DEBUG c.a.t.e.GlobalExceptionHandler -
                {status code=404 NOT_FOUND, message=No orders found at all. Please contact your application team right away., uri=/api/owners-tools/orders/get-orders, timestamp=Tue, 23 Jan 2024 00:14:16 -0700}
2024-01-23 00:14:16 [main] DEBUG c.a.t.e.GlobalExceptionHandler -
                {status code=404 NOT_FOUND, message=No customers found at all. Please contact your application team right away., uri=/api/owners-tools/customers/get-customers, timestamp=Tue, 23 Jan 2024 00:14:16 -0700}
2024-01-23 00:14:16 [main] INFO  c.a.t.t.s.m.GetMenuItemsByIdTests$testThatDoesNotPolluteTheApplicationContextUris -
                Starting GetMenuItemsByIdTests.testThatDoesNotPolluteTheApplicationContextUris using Java 17.0.6 with PID 117494 (started by brian in /media/brian/biggin/Documents/Tablet Backup/Documents/Courses/Java/personal projects/TonsOfTacosV1.2/back-end/tons-of-tacos)
2024-01-23 00:14:16 [main] DEBUG c.a.t.t.s.m.GetMenuItemsByIdTests$testThatDoesNotPolluteTheApplicationContextUris -
                Running with Spring Boot v3.0.1, Spring v6.0.3
2024-01-23 00:14:16 [main] INFO  c.a.t.t.s.m.GetMenuItemsByIdTests$testThatDoesNotPolluteTheApplicationContextUris -
                No active profile set, falling back to 1 default profile: "default"
2024-01-23 00:14:16 [main] INFO  c.a.t.t.s.m.GetMenuItemsByIdTests$testThatDoesNotPolluteTheApplicationContextUris -
                Starting GetMenuItemsByIdTests.testThatDoesNotPolluteTheApplicationContextUris using Java 17.0.6 with PID 117494 (started by brian in /media/brian/biggin/Documents/Tablet Backup/Documents/Courses/Java/personal projects/TonsOfTacosV1.2/back-end/tons-of-tacos)
2024-01-23 00:14:16 [main] DEBUG c.a.t.t.s.m.GetMenuItemsByIdTests$testThatDoesNotPolluteTheApplicationContextUris -
                Running with Spring Boot v3.0.1, Spring v6.0.3
2024-01-23 00:14:16 [main] INFO  c.a.t.t.s.m.GetMenuItemsByIdTests$testThatDoesNotPolluteTheApplicationContextUris -
                No active profile set, falling back to 1 default profile: "default"
2024-01-23 00:14:17 [main] INFO  c.a.t.t.s.o.o.EditOrderItemQuantityTest$testThatDoesNotPolluteTheApplicationContextUris -
                Starting EditOrderItemQuantityTest.testThatDoesNotPolluteTheApplicationContextUris using Java 17.0.6 with PID 117494 (started by brian in /media/brian/biggin/Documents/Tablet Backup/Documents/Courses/Java/personal projects/TonsOfTacosV1.2/back-end/tons-of-tacos)
2024-01-23 00:14:17 [main] DEBUG c.a.t.t.s.o.o.EditOrderItemQuantityTest$testThatDoesNotPolluteTheApplicationContextUris -
                Running with Spring Boot v3.0.1, Spring v6.0.3
2024-01-23 00:14:17 [main] INFO  c.a.t.t.s.o.o.EditOrderItemQuantityTest$testThatDoesNotPolluteTheApplicationContextUris -
                No active profile set, falling back to 1 default profile: "default"
2024-01-23 00:14:18 [main] INFO  c.a.t.t.s.o.o.EditOrderItemQuantityTest$testThatDoesNotPolluteTheApplicationContextUris -
                Starting EditOrderItemQuantityTest.testThatDoesNotPolluteTheApplicationContextUris using Java 17.0.6 with PID 117494 (started by brian in /media/brian/biggin/Documents/Tablet Backup/Documents/Courses/Java/personal projects/TonsOfTacosV1.2/back-end/tons-of-tacos)
2024-01-23 00:14:18 [main] DEBUG c.a.t.t.s.o.o.EditOrderItemQuantityTest$testThatDoesNotPolluteTheApplicationContextUris -
                Running with Spring Boot v3.0.1, Spring v6.0.3
2024-01-23 00:14:18 [main] INFO  c.a.t.t.s.o.o.EditOrderItemQuantityTest$testThatDoesNotPolluteTheApplicationContextUris -
                No active profile set, falling back to 1 default profile: "default"
2024-01-23 00:14:19 [main] INFO  c.a.t.t.s.o.o.EditOrderItemQuantityTest$testThatDoesNotPolluteTheApplicationContextUris -
                Starting EditOrderItemQuantityTest.testThatDoesNotPolluteTheApplicationContextUris using Java 17.0.6 with PID 117494 (started by brian in /media/brian/biggin/Documents/Tablet Backup/Documents/Courses/Java/personal projects/TonsOfTacosV1.2/back-end/tons-of-tacos)
2024-01-23 00:14:19 [main] DEBUG c.a.t.t.s.o.o.EditOrderItemQuantityTest$testThatDoesNotPolluteTheApplicationContextUris -
                Running with Spring Boot v3.0.1, Spring v6.0.3
2024-01-23 00:14:19 [main] INFO  c.a.t.t.s.o.o.EditOrderItemQuantityTest$testThatDoesNotPolluteTheApplicationContextUris -
                No active profile set, falling back to 1 default profile: "default"
2024-01-23 00:14:20 [main] INFO  c.a.t.t.s.o.o.EditOrderItemQuantityTest$testThatDoesNotPolluteTheApplicationContextUris -
                Starting EditOrderItemQuantityTest.testThatDoesNotPolluteTheApplicationContextUris using Java 17.0.6 with PID 117494 (started by brian in /media/brian/biggin/Documents/Tablet Backup/Documents/Courses/Java/personal projects/TonsOfTacosV1.2/back-end/tons-of-tacos)
2024-01-23 00:14:20 [main] DEBUG c.a.t.t.s.o.o.EditOrderItemQuantityTest$testThatDoesNotPolluteTheApplicationContextUris -
                Running with Spring Boot v3.0.1, Spring v6.0.3
2024-01-23 00:14:20 [main] INFO  c.a.t.t.s.o.o.EditOrderItemQuantityTest$testThatDoesNotPolluteTheApplicationContextUris -
                No active profile set, falling back to 1 default profile: "default"
2024-01-23 00:14:20 [main] INFO  c.a.t.t.s.o.o.DeleteOrderTests$testThatDoesNotPolluteTheApplicationContextUris -
                Starting DeleteOrderTests.testThatDoesNotPolluteTheApplicationContextUris using Java 17.0.6 with PID 117494 (started by brian in /media/brian/biggin/Documents/Tablet Backup/Documents/Courses/Java/personal projects/TonsOfTacosV1.2/back-end/tons-of-tacos)
2024-01-23 00:14:20 [main] DEBUG c.a.t.t.s.o.o.DeleteOrderTests$testThatDoesNotPolluteTheApplicationContextUris -
                Running with Spring Boot v3.0.1, Spring v6.0.3
2024-01-23 00:14:20 [main] INFO  c.a.t.t.s.o.o.DeleteOrderTests$testThatDoesNotPolluteTheApplicationContextUris -
                No active profile set, falling back to 1 default profile: "default"
2024-01-23 00:14:21 [main] INFO  c.a.t.t.s.o.o.DeleteOrderTests$testThatDoesNotPolluteTheApplicationContextUris -
                Starting DeleteOrderTests.testThatDoesNotPolluteTheApplicationContextUris using Java 17.0.6 with PID 117494 (started by brian in /media/brian/biggin/Documents/Tablet Backup/Documents/Courses/Java/personal projects/TonsOfTacosV1.2/back-end/tons-of-tacos)
2024-01-23 00:14:21 [main] DEBUG c.a.t.t.s.o.o.DeleteOrderTests$testThatDoesNotPolluteTheApplicationContextUris -
                Running with Spring Boot v3.0.1, Spring v6.0.3
2024-01-23 00:14:21 [main] INFO  c.a.t.t.s.o.o.DeleteOrderTests$testThatDoesNotPolluteTheApplicationContextUris -
                No active profile set, falling back to 1 default profile: "default"
2024-01-23 00:14:22 [main] INFO  c.a.t.t.s.o.o.GetCustomerByNameTest$testThatDoesNotPolluteTheApplicationContextUris -
                Starting GetCustomerByNameTest.testThatDoesNotPolluteTheApplicationContextUris using Java 17.0.6 with PID 117494 (started by brian in /media/brian/biggin/Documents/Tablet Backup/Documents/Courses/Java/personal projects/TonsOfTacosV1.2/back-end/tons-of-tacos)
2024-01-23 00:14:22 [main] DEBUG c.a.t.t.s.o.o.GetCustomerByNameTest$testThatDoesNotPolluteTheApplicationContextUris -
                Running with Spring Boot v3.0.1, Spring v6.0.3
2024-01-23 00:14:22 [main] INFO  c.a.t.t.s.o.o.GetCustomerByNameTest$testThatDoesNotPolluteTheApplicationContextUris -
                No active profile set, falling back to 1 default profile: "default"
2024-01-23 00:14:22 [main] INFO  c.a.t.t.s.o.o.GetCustomerByNameTest$testThatDoesNotPolluteTheApplicationContextUris -
                Starting GetCustomerByNameTest.testThatDoesNotPolluteTheApplicationContextUris using Java 17.0.6 with PID 117494 (started by brian in /media/brian/biggin/Documents/Tablet Backup/Documents/Courses/Java/personal projects/TonsOfTacosV1.2/back-end/tons-of-tacos)
2024-01-23 00:14:22 [main] DEBUG c.a.t.t.s.o.o.GetCustomerByNameTest$testThatDoesNotPolluteTheApplicationContextUris -
                Running with Spring Boot v3.0.1, Spring v6.0.3
2024-01-23 00:14:22 [main] INFO  c.a.t.t.s.o.o.GetCustomerByNameTest$testThatDoesNotPolluteTheApplicationContextUris -
                No active profile set, falling back to 1 default profile: "default"
2024-01-23 00:14:23 [main] INFO  c.a.t.t.s.o.o.AddToOrderTest$testThatDoesNotPolluteTheApplicationContextUris -
                Starting AddToOrderTest.testThatDoesNotPolluteTheApplicationContextUris using Java 17.0.6 with PID 117494 (started by brian in /media/brian/biggin/Documents/Tablet Backup/Documents/Courses/Java/personal projects/TonsOfTacosV1.2/back-end/tons-of-tacos)
2024-01-23 00:14:23 [main] DEBUG c.a.t.t.s.o.o.AddToOrderTest$testThatDoesNotPolluteTheApplicationContextUris -
                Running with Spring Boot v3.0.1, Spring v6.0.3
2024-01-23 00:14:23 [main] INFO  c.a.t.t.s.o.o.AddToOrderTest$testThatDoesNotPolluteTheApplicationContextUris -
                No active profile set, falling back to 1 default profile: "default"
2024-01-23 00:14:24 [main] INFO  c.a.t.t.s.o.o.AddToOrderTest$testThatDoesNotPolluteTheApplicationContextUris -
                Starting AddToOrderTest.testThatDoesNotPolluteTheApplicationContextUris using Java 17.0.6 with PID 117494 (started by brian in /media/brian/biggin/Documents/Tablet Backup/Documents/Courses/Java/personal projects/TonsOfTacosV1.2/back-end/tons-of-tacos)
2024-01-23 00:14:24 [main] DEBUG c.a.t.t.s.o.o.AddToOrderTest$testThatDoesNotPolluteTheApplicationContextUris -
                Running with Spring Boot v3.0.1, Spring v6.0.3
2024-01-23 00:14:24 [main] INFO  c.a.t.t.s.o.o.AddToOrderTest$testThatDoesNotPolluteTheApplicationContextUris -
                No active profile set, falling back to 1 default profile: "default"
2024-01-23 00:14:24 [main] INFO  c.a.t.t.s.o.o.AddToOrderTest$testThatDoesNotPolluteTheApplicationContextUris -
                Starting AddToOrderTest.testThatDoesNotPolluteTheApplicationContextUris using Java 17.0.6 with PID 117494 (started by brian in /media/brian/biggin/Documents/Tablet Backup/Documents/Courses/Java/personal projects/TonsOfTacosV1.2/back-end/tons-of-tacos)
2024-01-23 00:14:24 [main] DEBUG c.a.t.t.s.o.o.AddToOrderTest$testThatDoesNotPolluteTheApplicationContextUris -
                Running with Spring Boot v3.0.1, Spring v6.0.3
2024-01-23 00:14:24 [main] INFO  c.a.t.t.s.o.o.AddToOrderTest$testThatDoesNotPolluteTheApplicationContextUris -
                No active profile set, falling back to 1 default profile: "default"
2024-01-23 00:14:25 [main] INFO  c.a.t.t.s.o.o.GetOrderByUidTests$testThatDoesNotPolluteTheApplicationContextUris -
                Starting GetOrderByUidTests.testThatDoesNotPolluteTheApplicationContextUris using Java 17.0.6 with PID 117494 (started by brian in /media/brian/biggin/Documents/Tablet Backup/Documents/Courses/Java/personal projects/TonsOfTacosV1.2/back-end/tons-of-tacos)
2024-01-23 00:14:25 [main] DEBUG c.a.t.t.s.o.o.GetOrderByUidTests$testThatDoesNotPolluteTheApplicationContextUris -
                Running with Spring Boot v3.0.1, Spring v6.0.3
2024-01-23 00:14:25 [main] INFO  c.a.t.t.s.o.o.GetOrderByUidTests$testThatDoesNotPolluteTheApplicationContextUris -
                No active profile set, falling back to 1 default profile: "default"
2024-01-23 00:14:26 [main] INFO  c.a.t.t.s.o.o.GetOrderByUidTests$testThatDoesNotPolluteTheApplicationContextUris -
                Starting GetOrderByUidTests.testThatDoesNotPolluteTheApplicationContextUris using Java 17.0.6 with PID 117494 (started by brian in /media/brian/biggin/Documents/Tablet Backup/Documents/Courses/Java/personal projects/TonsOfTacosV1.2/back-end/tons-of-tacos)
2024-01-23 00:14:26 [main] DEBUG c.a.t.t.s.o.o.GetOrderByUidTests$testThatDoesNotPolluteTheApplicationContextUris -
                Running with Spring Boot v3.0.1, Spring v6.0.3
2024-01-23 00:14:26 [main] INFO  c.a.t.t.s.o.o.GetOrderByUidTests$testThatDoesNotPolluteTheApplicationContextUris -
                No active profile set, falling back to 1 default profile: "default"
2024-01-23 00:14:26 [main] INFO  c.a.t.t.s.o.o.GetOrdersByCustomerTests$testThatDoesNotPolluteTheApplicationContextUris -
                Starting GetOrdersByCustomerTests.testThatDoesNotPolluteTheApplicationContextUris using Java 17.0.6 with PID 117494 (started by brian in /media/brian/biggin/Documents/Tablet Backup/Documents/Courses/Java/personal projects/TonsOfTacosV1.2/back-end/tons-of-tacos)
2024-01-23 00:14:26 [main] DEBUG c.a.t.t.s.o.o.GetOrdersByCustomerTests$testThatDoesNotPolluteTheApplicationContextUris -
                Running with Spring Boot v3.0.1, Spring v6.0.3
2024-01-23 00:14:26 [main] INFO  c.a.t.t.s.o.o.GetOrdersByCustomerTests$testThatDoesNotPolluteTheApplicationContextUris -
                No active profile set, falling back to 1 default profile: "default"
2024-01-23 00:14:27 [main] INFO  c.a.t.t.s.o.o.GetOrdersByCustomerTests$testThatDoesNotPolluteTheApplicationContextUris -
                Starting GetOrdersByCustomerTests.testThatDoesNotPolluteTheApplicationContextUris using Java 17.0.6 with PID 117494 (started by brian in /media/brian/biggin/Documents/Tablet Backup/Documents/Courses/Java/personal projects/TonsOfTacosV1.2/back-end/tons-of-tacos)
2024-01-23 00:14:27 [main] DEBUG c.a.t.t.s.o.o.GetOrdersByCustomerTests$testThatDoesNotPolluteTheApplicationContextUris -
                Running with Spring Boot v3.0.1, Spring v6.0.3
2024-01-23 00:14:27 [main] INFO  c.a.t.t.s.o.o.GetOrdersByCustomerTests$testThatDoesNotPolluteTheApplicationContextUris -
                No active profile set, falling back to 1 default profile: "default"
2024-01-23 00:14:28 [main] INFO  c.a.t.t.s.o.a.BadJwtTests$testThatDoesNotPolluteTheApplicationContextUris -
                Starting BadJwtTests.testThatDoesNotPolluteTheApplicationContextUris using Java 17.0.6 with PID 117494 (started by brian in /media/brian/biggin/Documents/Tablet Backup/Documents/Courses/Java/personal projects/TonsOfTacosV1.2/back-end/tons-of-tacos)
2024-01-23 00:14:28 [main] DEBUG c.a.t.t.s.o.a.BadJwtTests$testThatDoesNotPolluteTheApplicationContextUris -
                Running with Spring Boot v3.0.1, Spring v6.0.3
2024-01-23 00:14:28 [main] INFO  c.a.t.t.s.o.a.BadJwtTests$testThatDoesNotPolluteTheApplicationContextUris -
                No active profile set, falling back to 1 default profile: "default"
2024-01-23 00:14:28 [main] INFO  c.a.t.t.s.o.a.BadJwtTests$testThatDoesNotPolluteTheApplicationContextUris -
                Starting BadJwtTests.testThatDoesNotPolluteTheApplicationContextUris using Java 17.0.6 with PID 117494 (started by brian in /media/brian/biggin/Documents/Tablet Backup/Documents/Courses/Java/personal projects/TonsOfTacosV1.2/back-end/tons-of-tacos)
2024-01-23 00:14:28 [main] DEBUG c.a.t.t.s.o.a.BadJwtTests$testThatDoesNotPolluteTheApplicationContextUris -
                Running with Spring Boot v3.0.1, Spring v6.0.3
2024-01-23 00:14:28 [main] INFO  c.a.t.t.s.o.a.BadJwtTests$testThatDoesNotPolluteTheApplicationContextUris -
                No active profile set, falling back to 1 default profile: "default"
2024-01-23 00:14:29 [main] INFO  c.a.t.t.s.o.o.UpdateCustomerNameTest$testThatDoesNotPolluteTheApplicationContextUris -
                Starting UpdateCustomerNameTest.testThatDoesNotPolluteTheApplicationContextUris using Java 17.0.6 with PID 117494 (started by brian in /media/brian/biggin/Documents/Tablet Backup/Documents/Courses/Java/personal projects/TonsOfTacosV1.2/back-end/tons-of-tacos)
2024-01-23 00:14:29 [main] DEBUG c.a.t.t.s.o.o.UpdateCustomerNameTest$testThatDoesNotPolluteTheApplicationContextUris -
                Running with Spring Boot v3.0.1, Spring v6.0.3
2024-01-23 00:14:29 [main] INFO  c.a.t.t.s.o.o.UpdateCustomerNameTest$testThatDoesNotPolluteTheApplicationContextUris -
                No active profile set, falling back to 1 default profile: "default"
2024-01-23 00:14:30 [main] INFO  c.a.t.t.s.o.o.UpdateCustomerNameTest$testThatDoesNotPolluteTheApplicationContextUris -
                Starting UpdateCustomerNameTest.testThatDoesNotPolluteTheApplicationContextUris using Java 17.0.6 with PID 117494 (started by brian in /media/brian/biggin/Documents/Tablet Backup/Documents/Courses/Java/personal projects/TonsOfTacosV1.2/back-end/tons-of-tacos)
2024-01-23 00:14:30 [main] DEBUG c.a.t.t.s.o.o.UpdateCustomerNameTest$testThatDoesNotPolluteTheApplicationContextUris -
                Running with Spring Boot v3.0.1, Spring v6.0.3
2024-01-23 00:14:30 [main] INFO  c.a.t.t.s.o.o.UpdateCustomerNameTest$testThatDoesNotPolluteTheApplicationContextUris -
                No active profile set, falling back to 1 default profile: "default"
2024-01-23 00:14:30 [main] INFO  c.a.t.t.s.o.o.UpdateCustomerNameTest$testThatDoesNotPolluteTheApplicationContextUris -
                Starting UpdateCustomerNameTest.testThatDoesNotPolluteTheApplicationContextUris using Java 17.0.6 with PID 117494 (started by brian in /media/brian/biggin/Documents/Tablet Backup/Documents/Courses/Java/personal projects/TonsOfTacosV1.2/back-end/tons-of-tacos)
2024-01-23 00:14:30 [main] DEBUG c.a.t.t.s.o.o.UpdateCustomerNameTest$testThatDoesNotPolluteTheApplicationContextUris -
                Running with Spring Boot v3.0.1, Spring v6.0.3
2024-01-23 00:14:30 [main] INFO  c.a.t.t.s.o.o.UpdateCustomerNameTest$testThatDoesNotPolluteTheApplicationContextUris -
                No active profile set, falling back to 1 default profile: "default"
2024-01-23 00:14:31 [main] INFO  c.a.t.t.s.o.o.OrderClosedTests$testThatDoesNotPolluteTheApplicationContextUris -
                Starting OrderClosedTests.testThatDoesNotPolluteTheApplicationContextUris using Java 17.0.6 with PID 117494 (started by brian in /media/brian/biggin/Documents/Tablet Backup/Documents/Courses/Java/personal projects/TonsOfTacosV1.2/back-end/tons-of-tacos)
2024-01-23 00:14:31 [main] DEBUG c.a.t.t.s.o.o.OrderClosedTests$testThatDoesNotPolluteTheApplicationContextUris -
                Running with Spring Boot v3.0.1, Spring v6.0.3
2024-01-23 00:14:31 [main] INFO  c.a.t.t.s.o.o.OrderClosedTests$testThatDoesNotPolluteTheApplicationContextUris -
                No active profile set, falling back to 1 default profile: "default"
2024-01-23 00:14:32 [main] INFO  c.a.t.t.s.o.o.OrderClosedTests$testThatDoesNotPolluteTheApplicationContextUris -
                Starting OrderClosedTests.testThatDoesNotPolluteTheApplicationContextUris using Java 17.0.6 with PID 117494 (started by brian in /media/brian/biggin/Documents/Tablet Backup/Documents/Courses/Java/personal projects/TonsOfTacosV1.2/back-end/tons-of-tacos)
2024-01-23 00:14:32 [main] DEBUG c.a.t.t.s.o.o.OrderClosedTests$testThatDoesNotPolluteTheApplicationContextUris -
                Running with Spring Boot v3.0.1, Spring v6.0.3
2024-01-23 00:14:32 [main] INFO  c.a.t.t.s.o.o.OrderClosedTests$testThatDoesNotPolluteTheApplicationContextUris -
                No active profile set, falling back to 1 default profile: "default"
2024-01-23 00:14:32 [main] INFO  c.a.t.t.s.o.o.OrderClosedTests$testThatDoesNotPolluteTheApplicationContextUris -
                Starting OrderClosedTests.testThatDoesNotPolluteTheApplicationContextUris using Java 17.0.6 with PID 117494 (started by brian in /media/brian/biggin/Documents/Tablet Backup/Documents/Courses/Java/personal projects/TonsOfTacosV1.2/back-end/tons-of-tacos)
2024-01-23 00:14:32 [main] DEBUG c.a.t.t.s.o.o.OrderClosedTests$testThatDoesNotPolluteTheApplicationContextUris -
                Running with Spring Boot v3.0.1, Spring v6.0.3
2024-01-23 00:14:32 [main] INFO  c.a.t.t.s.o.o.OrderClosedTests$testThatDoesNotPolluteTheApplicationContextUris -
                No active profile set, falling back to 1 default profile: "default"
2024-01-23 00:14:33 [main] INFO  c.a.t.t.s.o.o.GetCustomerByUidTest$testThatDoesNotPolluteTheApplicationContextUris -
                Starting GetCustomerByUidTest.testThatDoesNotPolluteTheApplicationContextUris using Java 17.0.6 with PID 117494 (started by brian in /media/brian/biggin/Documents/Tablet Backup/Documents/Courses/Java/personal projects/TonsOfTacosV1.2/back-end/tons-of-tacos)
2024-01-23 00:14:33 [main] DEBUG c.a.t.t.s.o.o.GetCustomerByUidTest$testThatDoesNotPolluteTheApplicationContextUris -
                Running with Spring Boot v3.0.1, Spring v6.0.3
2024-01-23 00:14:33 [main] INFO  c.a.t.t.s.o.o.GetCustomerByUidTest$testThatDoesNotPolluteTheApplicationContextUris -
                No active profile set, falling back to 1 default profile: "default"
2024-01-23 00:14:34 [main] INFO  c.a.t.t.s.o.o.GetCustomerByUidTest$testThatDoesNotPolluteTheApplicationContextUris -
                Starting GetCustomerByUidTest.testThatDoesNotPolluteTheApplicationContextUris using Java 17.0.6 with PID 117494 (started by brian in /media/brian/biggin/Documents/Tablet Backup/Documents/Courses/Java/personal projects/TonsOfTacosV1.2/back-end/tons-of-tacos)
2024-01-23 00:14:34 [main] DEBUG c.a.t.t.s.o.o.GetCustomerByUidTest$testThatDoesNotPolluteTheApplicationContextUris -
                Running with Spring Boot v3.0.1, Spring v6.0.3
2024-01-23 00:14:34 [main] INFO  c.a.t.t.s.o.o.GetCustomerByUidTest$testThatDoesNotPolluteTheApplicationContextUris -
                No active profile set, falling back to 1 default profile: "default"
2024-01-23 00:14:34 [main] INFO  c.a.t.t.s.o.o.GetTodaysSalesTests$testThatDoesNotPolluteTheApplicationContextUris -
                Starting GetTodaysSalesTests.testThatDoesNotPolluteTheApplicationContextUris using Java 17.0.6 with PID 117494 (started by brian in /media/brian/biggin/Documents/Tablet Backup/Documents/Courses/Java/personal projects/TonsOfTacosV1.2/back-end/tons-of-tacos)
2024-01-23 00:14:34 [main] DEBUG c.a.t.t.s.o.o.GetTodaysSalesTests$testThatDoesNotPolluteTheApplicationContextUris -
                Running with Spring Boot v3.0.1, Spring v6.0.3
2024-01-23 00:14:34 [main] INFO  c.a.t.t.s.o.o.GetTodaysSalesTests$testThatDoesNotPolluteTheApplicationContextUris -
                No active profile set, falling back to 1 default profile: "default"
2024-01-23 00:14:35 [main] INFO  c.a.t.t.s.o.o.OrderReadyTests$testThatDoesNotPolluteTheApplicationContextUris -
                Starting OrderReadyTests.testThatDoesNotPolluteTheApplicationContextUris using Java 17.0.6 with PID 117494 (started by brian in /media/brian/biggin/Documents/Tablet Backup/Documents/Courses/Java/personal projects/TonsOfTacosV1.2/back-end/tons-of-tacos)
2024-01-23 00:14:35 [main] DEBUG c.a.t.t.s.o.o.OrderReadyTests$testThatDoesNotPolluteTheApplicationContextUris -
                Running with Spring Boot v3.0.1, Spring v6.0.3
2024-01-23 00:14:35 [main] INFO  c.a.t.t.s.o.o.OrderReadyTests$testThatDoesNotPolluteTheApplicationContextUris -
                No active profile set, falling back to 1 default profile: "default"
2024-01-23 00:14:36 [main] INFO  c.a.t.t.s.o.o.OrderReadyTests$testThatDoesNotPolluteTheApplicationContextUris -
                Starting OrderReadyTests.testThatDoesNotPolluteTheApplicationContextUris using Java 17.0.6 with PID 117494 (started by brian in /media/brian/biggin/Documents/Tablet Backup/Documents/Courses/Java/personal projects/TonsOfTacosV1.2/back-end/tons-of-tacos)
2024-01-23 00:14:36 [main] DEBUG c.a.t.t.s.o.o.OrderReadyTests$testThatDoesNotPolluteTheApplicationContextUris -
                Running with Spring Boot v3.0.1, Spring v6.0.3
2024-01-23 00:14:36 [main] INFO  c.a.t.t.s.o.o.OrderReadyTests$testThatDoesNotPolluteTheApplicationContextUris -
                No active profile set, falling back to 1 default profile: "default"
2024-01-23 00:14:36 [main] INFO  c.a.t.t.s.o.CreateOrderTests$testThatDoesNotPolluteTheApplicationContextUris -
                Starting CreateOrderTests.testThatDoesNotPolluteTheApplicationContextUris using Java 17.0.6 with PID 117494 (started by brian in /media/brian/biggin/Documents/Tablet Backup/Documents/Courses/Java/personal projects/TonsOfTacosV1.2/back-end/tons-of-tacos)
2024-01-23 00:14:36 [main] DEBUG c.a.t.t.s.o.CreateOrderTests$testThatDoesNotPolluteTheApplicationContextUris -
                Running with Spring Boot v3.0.1, Spring v6.0.3
2024-01-23 00:14:36 [main] INFO  c.a.t.t.s.o.CreateOrderTests$testThatDoesNotPolluteTheApplicationContextUris -
                No active profile set, falling back to 1 default profile: "default"
2024-01-23 00:14:37 [main] INFO  c.a.t.t.s.o.CreateOrderTests$testThatDoesNotPolluteTheApplicationContextUris -
                Starting CreateOrderTests.testThatDoesNotPolluteTheApplicationContextUris using Java 17.0.6 with PID 117494 (started by brian in /media/brian/biggin/Documents/Tablet Backup/Documents/Courses/Java/personal projects/TonsOfTacosV1.2/back-end/tons-of-tacos)
2024-01-23 00:14:37 [main] DEBUG c.a.t.t.s.o.CreateOrderTests$testThatDoesNotPolluteTheApplicationContextUris -
                Running with Spring Boot v3.0.1, Spring v6.0.3
2024-01-23 00:14:37 [main] INFO  c.a.t.t.s.o.CreateOrderTests$testThatDoesNotPolluteTheApplicationContextUris -
                No active profile set, falling back to 1 default profile: "default"
2024-01-23 00:14:38 [main] INFO  c.a.t.t.s.o.a.LoginTest$testThatDoesNotPolluteTheApplicationContextUris -
                Starting LoginTest.testThatDoesNotPolluteTheApplicationContextUris using Java 17.0.6 with PID 117494 (started by brian in /media/brian/biggin/Documents/Tablet Backup/Documents/Courses/Java/personal projects/TonsOfTacosV1.2/back-end/tons-of-tacos)
2024-01-23 00:14:38 [main] DEBUG c.a.t.t.s.o.a.LoginTest$testThatDoesNotPolluteTheApplicationContextUris -
                Running with Spring Boot v3.0.1, Spring v6.0.3
2024-01-23 00:14:38 [main] INFO  c.a.t.t.s.o.a.LoginTest$testThatDoesNotPolluteTheApplicationContextUris -
                No active profile set, falling back to 1 default profile: "default"
2024-01-23 00:14:38 [main] INFO  c.a.t.t.s.o.a.LoginTest$testThatDoesNotPolluteTheApplicationContextUris -
                Starting LoginTest.testThatDoesNotPolluteTheApplicationContextUris using Java 17.0.6 with PID 117494 (started by brian in /media/brian/biggin/Documents/Tablet Backup/Documents/Courses/Java/personal projects/TonsOfTacosV1.2/back-end/tons-of-tacos)
2024-01-23 00:14:38 [main] DEBUG c.a.t.t.s.o.a.LoginTest$testThatDoesNotPolluteTheApplicationContextUris -
                Running with Spring Boot v3.0.1, Spring v6.0.3
2024-01-23 00:14:38 [main] INFO  c.a.t.t.s.o.a.LoginTest$testThatDoesNotPolluteTheApplicationContextUris -
                No active profile set, falling back to 1 default profile: "default"
2024-01-23 00:14:39 [main] INFO  c.a.t.t.s.o.a.LoginTest$testThatDoesNotPolluteTheApplicationContextUris -
                Starting LoginTest.testThatDoesNotPolluteTheApplicationContextUris using Java 17.0.6 with PID 117494 (started by brian in /media/brian/biggin/Documents/Tablet Backup/Documents/Courses/Java/personal projects/TonsOfTacosV1.2/back-end/tons-of-tacos)
2024-01-23 00:14:39 [main] DEBUG c.a.t.t.s.o.a.LoginTest$testThatDoesNotPolluteTheApplicationContextUris -
                Running with Spring Boot v3.0.1, Spring v6.0.3
2024-01-23 00:14:39 [main] INFO  c.a.t.t.s.o.a.LoginTest$testThatDoesNotPolluteTheApplicationContextUris -
                No active profile set, falling back to 1 default profile: "default"
2024-01-23 00:14:40 [main] INFO  c.a.t.t.TonsOfTacosApplicationTests -
                Starting TonsOfTacosApplicationTests using Java 17.0.6 with PID 117494 (started by brian in /media/brian/biggin/Documents/Tablet Backup/Documents/Courses/Java/personal projects/TonsOfTacosV1.2/back-end/tons-of-tacos)
2024-01-23 00:14:40 [main] DEBUG c.a.t.t.TonsOfTacosApplicationTests -
                Running with Spring Boot v3.0.1, Spring v6.0.3
2024-01-23 00:14:40 [main] INFO  c.a.t.t.TonsOfTacosApplicationTests -
                No active profile set, falling back to 1 default profile: "default"
2024-01-23 00:14:41 [main] INFO  c.a.t.t.TonsOfTacosApplicationTests -
                Started TonsOfTacosApplicationTests in 0.811 seconds (process running for 40.423)
