2024-01-22 15:03:45 [http-nio-auto-2-exec-1] DEBUG c.a.t.e.GlobalExceptionHandler -
                {status code=400 BAD_REQUEST, message=Customer name incorrectly formatted. Please consult the documentation., uri=/api/order/checkout, timestamp=Mon, 22 Jan 2024 15:03:45 -0700}
2024-01-22 15:03:45 [http-nio-auto-2-exec-3] DEBUG c.a.t.e.GlobalExceptionHandler -
                {status code=403 FORBIDDEN, message=Bad credentials, uri=/api/owners-tools/login, timestamp=Mon, 22 Jan 2024 15:03:45 -0700}
2024-01-22 15:03:46 [http-nio-auto-2-exec-4] DEBUG c.a.t.e.GlobalExceptionHandler -
                {status code=403 FORBIDDEN, message=Bad credentials, uri=/api/owners-tools/login, timestamp=Mon, 22 Jan 2024 15:03:46 -0700}
2024-01-22 15:03:46 [http-nio-auto-1-exec-1] DEBUG c.a.t.e.GlobalExceptionHandler -
                {status code=404 NOT_FOUND, message=No customer with that id found., uri=/api/owners-tools/customers/edit-customer-email/13/larry@larbo.com, timestamp=Mon, 22 Jan 2024 15:03:46 -0700}
2024-01-22 15:03:46 [http-nio-auto-1-exec-7] DEBUG c.a.t.e.GlobalExceptionHandler -
                {status code=400 BAD_REQUEST, message=Email does not match formatting requirements, please consult the docs., uri=/api/owners-tools/customers/edit-customer-email/gd34-igjr/larrylarbo.com, timestamp=Mon, 22 Jan 2024 15:03:46 -0700}
2024-01-22 15:03:52 [main] INFO  c.a.t.t.s.u.GetMenuCategoryTests$testThatDoesNotPolluteTheApplicationContextUris -
                Starting GetMenuCategoryTests.testThatDoesNotPolluteTheApplicationContextUris using Java 17.0.6 with PID 79003 (started by brian in /media/brian/biggin/Documents/Tablet Backup/Documents/Courses/Java/personal projects/TonsOfTacosV1.2/back-end/tons-of-tacos)
2024-01-22 15:03:52 [main] DEBUG c.a.t.t.s.u.GetMenuCategoryTests$testThatDoesNotPolluteTheApplicationContextUris -
                Running with Spring Boot v3.0.1, Spring v6.0.3
2024-01-22 15:03:52 [main] INFO  c.a.t.t.s.u.GetMenuCategoryTests$testThatDoesNotPolluteTheApplicationContextUris -
                No active profile set, falling back to 1 default profile: "default"
2024-01-22 15:03:56 [main] DEBUG c.a.t.config.security.JwtAuthFilter -
                Filter 'jwtAuthFilter' configured for use
2024-01-22 15:03:57 [main] INFO  c.a.t.t.s.u.GetMenuCategoryTests$testThatDoesNotPolluteTheApplicationContextUris -
                Started GetMenuCategoryTests.testThatDoesNotPolluteTheApplicationContextUris in 5.651 seconds (process running for 6.806)
2024-01-22 15:09:21 [main] INFO  c.a.t.t.s.u.GetMenuCategoryTests$testThatDoesNotPolluteTheApplicationContextUris -
                Starting GetMenuCategoryTests.testThatDoesNotPolluteTheApplicationContextUris using Java 17.0.6 with PID 79188 (started by brian in /media/brian/biggin/Documents/Tablet Backup/Documents/Courses/Java/personal projects/TonsOfTacosV1.2/back-end/tons-of-tacos)
2024-01-22 15:09:21 [main] DEBUG c.a.t.t.s.u.GetMenuCategoryTests$testThatDoesNotPolluteTheApplicationContextUris -
                Running with Spring Boot v3.0.1, Spring v6.0.3
2024-01-22 15:09:21 [main] INFO  c.a.t.t.s.u.GetMenuCategoryTests$testThatDoesNotPolluteTheApplicationContextUris -
                No active profile set, falling back to 1 default profile: "default"
2024-01-22 15:09:26 [main] DEBUG c.a.t.config.security.JwtAuthFilter -
                Filter 'jwtAuthFilter' configured for use
2024-01-22 15:09:27 [main] INFO  c.a.t.t.s.u.GetMenuCategoryTests$testThatDoesNotPolluteTheApplicationContextUris -
                Started GetMenuCategoryTests.testThatDoesNotPolluteTheApplicationContextUris in 5.806 seconds (process running for 6.97)
2024-01-22 15:10:01 [main] INFO  c.a.t.t.s.u.GetMenuCategoryTests$testThatDoesNotPolluteTheApplicationContextUris -
                Starting GetMenuCategoryTests.testThatDoesNotPolluteTheApplicationContextUris using Java 17.0.6 with PID 79345 (started by brian in /media/brian/biggin/Documents/Tablet Backup/Documents/Courses/Java/personal projects/TonsOfTacosV1.2/back-end/tons-of-tacos)
2024-01-22 15:10:01 [main] DEBUG c.a.t.t.s.u.GetMenuCategoryTests$testThatDoesNotPolluteTheApplicationContextUris -
                Running with Spring Boot v3.0.1, Spring v6.0.3
2024-01-22 15:10:01 [main] INFO  c.a.t.t.s.u.GetMenuCategoryTests$testThatDoesNotPolluteTheApplicationContextUris -
                No active profile set, falling back to 1 default profile: "default"
2024-01-22 15:10:06 [main] DEBUG c.a.t.config.security.JwtAuthFilter -
                Filter 'jwtAuthFilter' configured for use
2024-01-22 15:10:06 [main] INFO  c.a.t.t.s.u.GetMenuCategoryTests$testThatDoesNotPolluteTheApplicationContextUris -
                Started GetMenuCategoryTests.testThatDoesNotPolluteTheApplicationContextUris in 5.967 seconds (process running for 6.994)
2024-01-22 15:14:35 [main] INFO  c.a.t.t.s.u.GetMenuCategoryTests$testThatDoesNotPolluteTheApplicationContextUris -
                Starting GetMenuCategoryTests.testThatDoesNotPolluteTheApplicationContextUris using Java 17.0.6 with PID 79521 (started by brian in /media/brian/biggin/Documents/Tablet Backup/Documents/Courses/Java/personal projects/TonsOfTacosV1.2/back-end/tons-of-tacos)
2024-01-22 15:14:35 [main] DEBUG c.a.t.t.s.u.GetMenuCategoryTests$testThatDoesNotPolluteTheApplicationContextUris -
                Running with Spring Boot v3.0.1, Spring v6.0.3
2024-01-22 15:14:35 [main] INFO  c.a.t.t.s.u.GetMenuCategoryTests$testThatDoesNotPolluteTheApplicationContextUris -
                No active profile set, falling back to 1 default profile: "default"
2024-01-22 15:14:40 [main] DEBUG c.a.t.config.security.JwtAuthFilter -
                Filter 'jwtAuthFilter' configured for use
2024-01-22 15:14:41 [main] INFO  c.a.t.t.s.u.GetMenuCategoryTests$testThatDoesNotPolluteTheApplicationContextUris -
                Started GetMenuCategoryTests.testThatDoesNotPolluteTheApplicationContextUris in 6.269 seconds (process running for 7.448)
2024-01-22 15:15:20 [main] INFO  c.a.t.t.s.u.GetMenuCategoryTests$testThatDoesNotPolluteTheApplicationContextUris -
                Starting GetMenuCategoryTests.testThatDoesNotPolluteTheApplicationContextUris using Java 17.0.6 with PID 79667 (started by brian in /media/brian/biggin/Documents/Tablet Backup/Documents/Courses/Java/personal projects/TonsOfTacosV1.2/back-end/tons-of-tacos)
2024-01-22 15:15:20 [main] DEBUG c.a.t.t.s.u.GetMenuCategoryTests$testThatDoesNotPolluteTheApplicationContextUris -
                Running with Spring Boot v3.0.1, Spring v6.0.3
2024-01-22 15:15:20 [main] INFO  c.a.t.t.s.u.GetMenuCategoryTests$testThatDoesNotPolluteTheApplicationContextUris -
                No active profile set, falling back to 1 default profile: "default"
2024-01-22 15:15:25 [main] DEBUG c.a.t.config.security.JwtAuthFilter -
                Filter 'jwtAuthFilter' configured for use
2024-01-22 15:15:25 [main] INFO  c.a.t.t.s.u.GetMenuCategoryTests$testThatDoesNotPolluteTheApplicationContextUris -
                Started GetMenuCategoryTests.testThatDoesNotPolluteTheApplicationContextUris in 5.908 seconds (process running for 6.976)
2024-01-22 15:16:46 [main] INFO  c.a.t.t.s.u.GetMenuCategoryTests$testThatDoesNotPolluteTheApplicationContextUris -
                Starting GetMenuCategoryTests.testThatDoesNotPolluteTheApplicationContextUris using Java 17.0.6 with PID 79818 (started by brian in /media/brian/biggin/Documents/Tablet Backup/Documents/Courses/Java/personal projects/TonsOfTacosV1.2/back-end/tons-of-tacos)
2024-01-22 15:16:46 [main] DEBUG c.a.t.t.s.u.GetMenuCategoryTests$testThatDoesNotPolluteTheApplicationContextUris -
                Running with Spring Boot v3.0.1, Spring v6.0.3
2024-01-22 15:16:46 [main] INFO  c.a.t.t.s.u.GetMenuCategoryTests$testThatDoesNotPolluteTheApplicationContextUris -
                No active profile set, falling back to 1 default profile: "default"
2024-01-22 15:16:51 [main] DEBUG c.a.t.config.security.JwtAuthFilter -
                Filter 'jwtAuthFilter' configured for use
2024-01-22 15:16:52 [main] INFO  c.a.t.t.s.u.GetMenuCategoryTests$testThatDoesNotPolluteTheApplicationContextUris -
                Started GetMenuCategoryTests.testThatDoesNotPolluteTheApplicationContextUris in 5.879 seconds (process running for 7.031)
2024-01-22 15:17:37 [main] INFO  c.a.t.t.s.u.GetMenuCategoryTests$testThatDoesNotPolluteTheApplicationContextUris -
                Starting GetMenuCategoryTests.testThatDoesNotPolluteTheApplicationContextUris using Java 17.0.6 with PID 79950 (started by brian in /media/brian/biggin/Documents/Tablet Backup/Documents/Courses/Java/personal projects/TonsOfTacosV1.2/back-end/tons-of-tacos)
2024-01-22 15:17:37 [main] DEBUG c.a.t.t.s.u.GetMenuCategoryTests$testThatDoesNotPolluteTheApplicationContextUris -
                Running with Spring Boot v3.0.1, Spring v6.0.3
2024-01-22 15:17:37 [main] INFO  c.a.t.t.s.u.GetMenuCategoryTests$testThatDoesNotPolluteTheApplicationContextUris -
                No active profile set, falling back to 1 default profile: "default"
2024-01-22 15:17:42 [main] DEBUG c.a.t.config.security.JwtAuthFilter -
                Filter 'jwtAuthFilter' configured for use
2024-01-22 15:17:43 [main] INFO  c.a.t.t.s.u.GetMenuCategoryTests$testThatDoesNotPolluteTheApplicationContextUris -
                Started GetMenuCategoryTests.testThatDoesNotPolluteTheApplicationContextUris in 5.921 seconds (process running for 6.948)
2024-01-22 15:18:47 [main] INFO  c.a.t.t.s.u.GetMenuCategoryTests$testThatDoesNotPolluteTheApplicationContextUris -
                Starting GetMenuCategoryTests.testThatDoesNotPolluteTheApplicationContextUris using Java 17.0.6 with PID 80094 (started by brian in /media/brian/biggin/Documents/Tablet Backup/Documents/Courses/Java/personal projects/TonsOfTacosV1.2/back-end/tons-of-tacos)
2024-01-22 15:18:47 [main] DEBUG c.a.t.t.s.u.GetMenuCategoryTests$testThatDoesNotPolluteTheApplicationContextUris -
                Running with Spring Boot v3.0.1, Spring v6.0.3
2024-01-22 15:18:47 [main] INFO  c.a.t.t.s.u.GetMenuCategoryTests$testThatDoesNotPolluteTheApplicationContextUris -
                No active profile set, falling back to 1 default profile: "default"
2024-01-22 15:18:52 [main] DEBUG c.a.t.config.security.JwtAuthFilter -
                Filter 'jwtAuthFilter' configured for use
