2024-01-21 20:10:12 [http-nio-auto-1-exec-2] DEBUG c.a.t.e.GlobalExceptionHandler -
                {status code=400 BAD_REQUEST, message=Customer name incorrectly formatted. Please consult the documentation., uri=/api/owners-tools/customers/edit-customer-name/gd34-igjr/dsfk%20jh!@, timestamp=Sun, 21 Jan 2024 20:10:12 -0700}
2024-01-21 20:10:12 [http-nio-auto-1-exec-4] DEBUG c.a.t.e.GlobalExceptionHandler -
                {status code=404 NOT_FOUND, message=No customer with that id found., uri=/api/owners-tools/customers/edit-customer-name/54/Gary%20Garrison, timestamp=Sun, 21 Jan 2024 20:10:12 -0700}
2024-01-21 20:10:12 [http-nio-auto-1-exec-6] DEBUG c.a.t.e.GlobalExceptionHandler -
                {status code=400 BAD_REQUEST, message=Order can not be closed if order is not ready., uri=/api/owners-tools/orders/close-order/654654-465465-555, timestamp=Sun, 21 Jan 2024 20:10:12 -0700}
2024-01-21 20:10:13 [http-nio-auto-1-exec-4] DEBUG c.a.t.e.GlobalExceptionHandler -
                {status code=404 NOT_FOUND, message=Order cannot be found and as such can not be closed. Please verify order id., uri=/api/owners-tools/orders/close-order/66, timestamp=Sun, 21 Jan 2024 20:10:13 -0700}
2024-01-21 20:10:13 [http-nio-auto-1-exec-6] DEBUG c.a.t.e.GlobalExceptionHandler -
                {status code=404 NOT_FOUND, message=No customer found with that UID. Please verify and try  again., uri=/api/owners-tools/customers/get-customer-uid/customerUid, timestamp=Sun, 21 Jan 2024 20:10:13 -0700}
2024-01-21 20:10:13 [http-nio-auto-1-exec-6] DEBUG c.a.t.e.GlobalExceptionHandler -
                {status code=404 NOT_FOUND, message=Order does not exist. Please verify order id and try again., uri=/api/owners-tools/orders/order-ready/88, timestamp=Sun, 21 Jan 2024 20:10:13 -0700}
2024-01-21 20:10:13 [http-nio-auto-4-exec-1] DEBUG c.a.t.e.GlobalExceptionHandler -
                {status code=400 BAD_REQUEST, message=Customer name incorrectly formatted. Please consult the documentation., uri=/api/order/checkout, timestamp=Sun, 21 Jan 2024 20:10:13 -0700}
2024-01-21 20:10:14 [http-nio-auto-4-exec-3] DEBUG c.a.t.e.GlobalExceptionHandler -
                {status code=403 FORBIDDEN, message=Bad credentials, uri=/api/owners-tools/login, timestamp=Sun, 21 Jan 2024 20:10:14 -0700}
2024-01-21 20:10:14 [http-nio-auto-4-exec-4] DEBUG c.a.t.e.GlobalExceptionHandler -
                {status code=403 FORBIDDEN, message=Bad credentials, uri=/api/owners-tools/login, timestamp=Sun, 21 Jan 2024 20:10:14 -0700}
2024-01-21 20:10:14 [main] INFO  c.a.t.t.TonsOfTacosApplicationTests -
                Starting TonsOfTacosApplicationTests using Java 17.0.6 with PID 23785 (started by brian in /media/brian/biggin/Documents/Tablet Backup/Documents/Courses/Java/personal projects/TonsOfTacosV1.2/back-end/tons-of-tacos)
2024-01-21 20:10:14 [main] DEBUG c.a.t.t.TonsOfTacosApplicationTests -
                Running with Spring Boot v3.0.1, Spring v6.0.3
2024-01-21 20:10:14 [main] INFO  c.a.t.t.TonsOfTacosApplicationTests -
                No active profile set, falling back to 1 default profile: "default"
2024-01-21 20:10:15 [main] INFO  c.a.t.t.TonsOfTacosApplicationTests -
                Started TonsOfTacosApplicationTests in 0.837 seconds (process running for 20.121)
2024-01-21 20:10:15 [http-nio-auto-1-exec-1] DEBUG c.a.t.e.GlobalExceptionHandler -
                {status code=404 NOT_FOUND, message=No customer with that id found., uri=/api/owners-tools/customers/edit-customer-email/13/larry@larbo.com, timestamp=Sun, 21 Jan 2024 20:10:15 -0700}
2024-01-21 20:10:15 [http-nio-auto-1-exec-7] DEBUG c.a.t.e.GlobalExceptionHandler -
                {status code=400 BAD_REQUEST, message=Email does not match formatting requirements, please consult the docs., uri=/api/owners-tools/customers/edit-customer-email/gd34-igjr/larrylarbo.com, timestamp=Sun, 21 Jan 2024 20:10:15 -0700}
2024-01-21 20:10:29 [main] INFO  c.a.t.TonsOfTacosApplication -
                Starting TonsOfTacosApplication using Java 17.0.6 with PID 24047 (/media/brian/biggin/Documents/Tablet Backup/Documents/Courses/Java/personal projects/TonsOfTacosV1.2/back-end/tons-of-tacos/target/classes started by brian in /media/brian/biggin/Documents/Tablet Backup/Documents/Courses/Java/personal projects/TonsOfTacosV1.2/back-end/tons-of-tacos)
2024-01-21 20:10:29 [main] DEBUG c.a.t.TonsOfTacosApplication -
                Running with Spring Boot v3.0.1, Spring v6.0.3
2024-01-21 20:10:29 [main] INFO  c.a.t.TonsOfTacosApplication -
                No active profile set, falling back to 1 default profile: "default"
2024-01-21 20:10:33 [main] DEBUG c.a.t.config.security.JwtAuthFilter -
                Filter 'jwtAuthFilter' configured for use
2024-01-21 20:10:34 [main] INFO  c.a.t.TonsOfTacosApplication -
                Started TonsOfTacosApplication in 4.488 seconds (process running for 4.917)
