2024-01-21 09:41:40 [main] INFO  c.a.t.t.TonsOfTacosApplicationTests -
                Started TonsOfTacosApplicationTests in 0.779 seconds (process running for 16.167)
2024-01-21 09:41:40 [http-nio-auto-1-exec-1] DEBUG c.a.t.e.GlobalExceptionHandler -
                {status code=404 NOT_FOUND, message=No customer with that id found., uri=/api/owners-tools/customers/edit-customer-email/13/larry@larbo.com, timestamp=Sun, 21 Jan 2024 09:41:40 -0700}
2024-01-21 09:41:41 [http-nio-auto-1-exec-7] DEBUG c.a.t.e.GlobalExceptionHandler -
                {status code=400 BAD_REQUEST, message=Email does not match formatting requirements, please consult the docs., uri=/api/owners-tools/customers/edit-customer-email/gd34-igjr/larrylarbo.com, timestamp=Sun, 21 Jan 2024 09:41:41 -0700}
2024-01-21 20:09:58 [main] INFO  c.a.t.t.s.o.o.DeleteCustomerByUidTest$testThatDoesNotPolluteTheApplicationContextUris -
                Starting DeleteCustomerByUidTest.testThatDoesNotPolluteTheApplicationContextUris using Java 17.0.6 with PID 23785 (started by brian in /media/brian/biggin/Documents/Tablet Backup/Documents/Courses/Java/personal projects/TonsOfTacosV1.2/back-end/tons-of-tacos)
2024-01-21 20:09:58 [main] DEBUG c.a.t.t.s.o.o.DeleteCustomerByUidTest$testThatDoesNotPolluteTheApplicationContextUris -
                Running with Spring Boot v3.0.1, Spring v6.0.3
2024-01-21 20:09:58 [main] INFO  c.a.t.t.s.o.o.DeleteCustomerByUidTest$testThatDoesNotPolluteTheApplicationContextUris -
                No active profile set, falling back to 1 default profile: "default"
2024-01-21 20:10:04 [main] DEBUG c.a.t.config.security.JwtAuthFilter -
                Filter 'jwtAuthFilter' configured for use
2024-01-21 20:10:04 [main] INFO  c.a.t.t.s.o.o.DeleteCustomerByUidTest$testThatDoesNotPolluteTheApplicationContextUris -
                Started DeleteCustomerByUidTest.testThatDoesNotPolluteTheApplicationContextUris in 6.397 seconds (process running for 9.979)
2024-01-21 20:10:05 [http-nio-auto-1-exec-3] DEBUG c.a.t.e.GlobalExceptionHandler -
                {status code=404 NOT_FOUND, message=No customer found with that UID. Please verify and try  again., uri=/api/owners-tools/customers/get-customer-uid/customerUid, timestamp=Sun, 21 Jan 2024 20:10:05 -0700}
2024-01-21 20:10:06 [http-nio-auto-1-exec-5] DEBUG c.a.t.e.GlobalExceptionHandler -
                {status code=404 NOT_FOUND, message=No customer with that uid found. Please check formatting and verify customer exists., uri=/api/owners-tools/customers/delete-customer/85, timestamp=Sun, 21 Jan 2024 20:10:06 -0700}
2024-01-21 20:10:06 [main] INFO  c.a.t.t.m.DbTests.NonEmptyTests -
                Starting NonEmptyTests using Java 17.0.6 with PID 23785 (started by brian in /media/brian/biggin/Documents/Tablet Backup/Documents/Courses/Java/personal projects/TonsOfTacosV1.2/back-end/tons-of-tacos)
2024-01-21 20:10:06 [main] DEBUG c.a.t.t.m.DbTests.NonEmptyTests -
                Running with Spring Boot v3.0.1, Spring v6.0.3
2024-01-21 20:10:06 [main] INFO  c.a.t.t.m.DbTests.NonEmptyTests -
                No active profile set, falling back to 1 default profile: "default"
2024-01-21 20:10:07 [main] DEBUG c.a.t.config.security.JwtAuthFilter -
                Filter 'jwtAuthFilter' configured for use
2024-01-21 20:10:07 [main] INFO  c.a.t.t.m.DbTests.NonEmptyTests -
                Started NonEmptyTests in 1.141 seconds (process running for 12.277)
2024-01-21 20:10:07 [http-nio-auto-1-exec-7] DEBUG c.a.t.e.GlobalExceptionHandler -
                {status code=404 NOT_FOUND, message=You have chosen a category that does not exist. Please check your spelling and formatting., uri=/api/menu/category, timestamp=Sun, 21 Jan 2024 20:10:07 -0700}
2024-01-21 20:10:07 [http-nio-auto-1-exec-3] DEBUG c.a.t.e.GlobalExceptionHandler -
                {status code=404 NOT_FOUND, message=No customer with that uid found. Please check formatting and verify customer exists., uri=/api/owners-tools/customers/edit-customer-phone/14/555.555.5156, timestamp=Sun, 21 Jan 2024 20:10:07 -0700}
2024-01-21 20:10:07 [main] INFO  c.a.t.t.mockTests.DbTests.EmptyTests -
                Starting EmptyTests using Java 17.0.6 with PID 23785 (started by brian in /media/brian/biggin/Documents/Tablet Backup/Documents/Courses/Java/personal projects/TonsOfTacosV1.2/back-end/tons-of-tacos)
2024-01-21 20:10:08 [main] DEBUG c.a.t.t.mockTests.DbTests.EmptyTests -
                Running with Spring Boot v3.0.1, Spring v6.0.3
2024-01-21 20:10:08 [main] INFO  c.a.t.t.mockTests.DbTests.EmptyTests -
                No active profile set, falling back to 1 default profile: "default"
2024-01-21 20:10:09 [main] DEBUG c.a.t.config.security.JwtAuthFilter -
                Filter 'jwtAuthFilter' configured for use
2024-01-21 20:10:09 [main] INFO  c.a.t.t.mockTests.DbTests.EmptyTests -
                Started EmptyTests in 1.325 seconds (process running for 14.297)
2024-01-21 20:10:09 [main] DEBUG c.a.t.e.GlobalExceptionHandler -
                {status code=404 NOT_FOUND, message=No orders found at all. Please contact your application team right away., uri=/api/owners-tools/orders/get-orders, timestamp=Sun, 21 Jan 2024 20:10:09 -0700}
2024-01-21 20:10:09 [main] DEBUG c.a.t.e.GlobalExceptionHandler -
                {status code=404 NOT_FOUND, message=No customers found at all. Please contact your application team right away., uri=/api/owners-tools/customers/get-customers, timestamp=Sun, 21 Jan 2024 20:10:09 -0700}
2024-01-21 20:10:09 [http-nio-auto-1-exec-5] DEBUG c.a.t.e.GlobalExceptionHandler -
                {status code=404 NOT_FOUND, message=You have chosen a menu item that does not exist., uri=/api/menu/id, timestamp=Sun, 21 Jan 2024 20:10:09 -0700}
2024-01-21 20:10:09 [http-nio-auto-1-exec-7] DEBUG c.a.t.e.GlobalExceptionHandler -
                {status code=404 NOT_FOUND, message=Order item not updated. Verify order item is part of order., uri=/api/owners-tools/orders/update-order-item/654654-465465-555/88/2, timestamp=Sun, 21 Jan 2024 20:10:09 -0700}
2024-01-21 20:10:09 [http-nio-auto-1-exec-9] DEBUG c.a.t.e.GlobalExceptionHandler -
                {status code=400 BAD_REQUEST, message=We were unable to process your request. Please contact us directly when trying to order more than 10 of any given item., uri=/api/owners-tools/orders/update-order-item/654654-465465-555/3/12, timestamp=Sun, 21 Jan 2024 20:10:09 -0700}
2024-01-21 20:10:09 [http-nio-auto-1-exec-5] DEBUG c.a.t.e.GlobalExceptionHandler -
                {status code=404 NOT_FOUND, message=Order item not updated. Verify order exists., uri=/api/owners-tools/orders/update-order-item/77/3/2, timestamp=Sun, 21 Jan 2024 20:10:09 -0700}
2024-01-21 20:10:10 [http-nio-auto-1-exec-8] DEBUG c.a.t.e.GlobalExceptionHandler -
                {status code=404 NOT_FOUND, message=No order found with that UID. Please verify and try again., uri=/api/owners-tools/orders/get-order-uid/orderUid, timestamp=Sun, 21 Jan 2024 20:10:10 -0700}
2024-01-21 20:10:10 [http-nio-auto-1-exec-10] DEBUG c.a.t.e.GlobalExceptionHandler -
                {status code=404 NOT_FOUND, message=Can not delete order. Verify order exists., uri=/api/owners-tools/orders/delete-order/78, timestamp=Sun, 21 Jan 2024 20:10:10 -0700}
2024-01-21 20:10:10 [http-nio-auto-1-exec-4] DEBUG c.a.t.e.GlobalExceptionHandler -
                {status code=404 NOT_FOUND, message=No customer found by that name. Please check your spelling and formatting., uri=/api/owners-tools/customers/get-customer-name/name, timestamp=Sun, 21 Jan 2024 20:10:10 -0700}
2024-01-21 20:10:10 [http-nio-auto-1-exec-6] DEBUG c.a.t.e.GlobalExceptionHandler -
                {status code=404 NOT_FOUND, message=Menu item can not be added to order. Verify order id., uri=/api/owners-tools/orders/add-to-order/78/2/2, timestamp=Sun, 21 Jan 2024 20:10:10 -0700}
2024-01-21 20:10:10 [http-nio-auto-1-exec-8] DEBUG c.a.t.e.GlobalExceptionHandler -
                {status code=404 NOT_FOUND, message=Unable to find com.adamstraub.tonsoftacos.entities.MenuItem with id 66, uri=/api/owners-tools/orders/add-to-order/654654-465465-555/66/2, timestamp=Sun, 21 Jan 2024 20:10:10 -0700}
2024-01-21 20:10:10 [http-nio-auto-1-exec-6] DEBUG c.a.t.e.GlobalExceptionHandler -
                {status code=404 NOT_FOUND, message=No order found with that UID. Please verify and try again., uri=/api/owners-tools/orders/get-order-uid/orderUid, timestamp=Sun, 21 Jan 2024 20:10:10 -0700}
2024-01-21 20:10:10 [main] INFO  c.a.t.t.s.o.o.GetOrdersByCustomerTests$testThatDoesNotPolluteTheApplicationContextUris -
                Starting GetOrdersByCustomerTests.testThatDoesNotPolluteTheApplicationContextUris using Java 17.0.6 with PID 23785 (started by brian in /media/brian/biggin/Documents/Tablet Backup/Documents/Courses/Java/personal projects/TonsOfTacosV1.2/back-end/tons-of-tacos)
2024-01-21 20:10:10 [main] DEBUG c.a.t.t.s.o.o.GetOrdersByCustomerTests$testThatDoesNotPolluteTheApplicationContextUris -
                Running with Spring Boot v3.0.1, Spring v6.0.3
2024-01-21 20:10:10 [main] INFO  c.a.t.t.s.o.o.GetOrdersByCustomerTests$testThatDoesNotPolluteTheApplicationContextUris -
                No active profile set, falling back to 1 default profile: "default"
2024-01-21 20:10:11 [main] DEBUG c.a.t.config.security.JwtAuthFilter -
                Filter 'jwtAuthFilter' configured for use
2024-01-21 20:10:11 [main] INFO  c.a.t.t.s.o.o.GetOrdersByCustomerTests$testThatDoesNotPolluteTheApplicationContextUris -
                Started GetOrdersByCustomerTests.testThatDoesNotPolluteTheApplicationContextUris in 0.976 seconds (process running for 16.921)
2024-01-21 20:10:12 [http-nio-auto-4-exec-4] DEBUG c.a.t.e.GlobalExceptionHandler -
                {status code=404 NOT_FOUND, message=No orders for customer found., uri=/api/owners-tools/orders/get-order-customer/customer, timestamp=Sun, 21 Jan 2024 20:10:12 -0700}
2024-01-21 20:10:12 [http-nio-auto-4-exec-5] DEBUG c.a.t.e.GlobalExceptionHandler -
                {status code=403 FORBIDDEN, message=Session expired., uri=/api/owners-tools/customers/delete-customer/1, timestamp=Sun, 21 Jan 2024 20:10:12 -0700}
2024-01-21 20:10:12 [http-nio-auto-4-exec-6] DEBUG c.a.t.e.GlobalExceptionHandler -
                {status code=401 UNAUTHORIZED, message=User unauthorized., uri=/api/owners-tools/customers/delete-customer/1, timestamp=Sun, 21 Jan 2024 20:10:12 -0700}
