2024-01-22 10:25:34 [main] DEBUG c.a.t.config.security.JwtAuthFilter -
                Filter 'jwtAuthFilter' configured for use
2024-01-22 10:25:35 [main] INFO  c.a.t.TonsOfTacosApplication -
                Started TonsOfTacosApplication in 4.558 seconds (process running for 4.996)
2024-01-22 10:29:52 [main] INFO  c.a.t.TonsOfTacosApplication -
                Starting TonsOfTacosApplication using Java 17.0.6 with PID 66561 (/media/brian/biggin/Documents/Tablet Backup/Documents/Courses/Java/personal projects/TonsOfTacosV1.2/back-end/tons-of-tacos/target/classes started by brian in /media/brian/biggin/Documents/Tablet Backup/Documents/Courses/Java/personal projects/TonsOfTacosV1.2/back-end/tons-of-tacos)
2024-01-22 10:29:52 [main] DEBUG c.a.t.TonsOfTacosApplication -
                Running with Spring Boot v3.0.1, Spring v6.0.3
2024-01-22 10:29:52 [main] INFO  c.a.t.TonsOfTacosApplication -
                No active profile set, falling back to 1 default profile: "default"
2024-01-22 10:29:55 [main] DEBUG c.a.t.config.security.JwtAuthFilter -
                Filter 'jwtAuthFilter' configured for use
2024-01-22 10:29:56 [main] INFO  c.a.t.TonsOfTacosApplication -
                Started TonsOfTacosApplication in 4.496 seconds (process running for 4.926)
2024-01-22 11:29:36 [main] INFO  c.a.t.TonsOfTacosApplication -
                Starting TonsOfTacosApplication using Java 17.0.6 with PID 67989 (/media/brian/biggin/Documents/Tablet Backup/Documents/Courses/Java/personal projects/TonsOfTacosV1.2/back-end/tons-of-tacos/target/classes started by brian in /media/brian/biggin/Documents/Tablet Backup/Documents/Courses/Java/personal projects/TonsOfTacosV1.2/back-end/tons-of-tacos)
2024-01-22 11:29:36 [main] DEBUG c.a.t.TonsOfTacosApplication -
                Running with Spring Boot v3.0.1, Spring v6.0.3
2024-01-22 11:29:36 [main] INFO  c.a.t.TonsOfTacosApplication -
                No active profile set, falling back to 1 default profile: "default"
2024-01-22 11:29:40 [main] DEBUG c.a.t.config.security.JwtAuthFilter -
                Filter 'jwtAuthFilter' configured for use
2024-01-22 11:29:40 [main] INFO  c.a.t.TonsOfTacosApplication -
                Started TonsOfTacosApplication in 4.651 seconds (process running for 5.112)
2024-01-22 11:33:33 [main] INFO  c.a.t.TonsOfTacosApplication -
                Starting TonsOfTacosApplication using Java 17.0.6 with PID 68224 (/media/brian/biggin/Documents/Tablet Backup/Documents/Courses/Java/personal projects/TonsOfTacosV1.2/back-end/tons-of-tacos/target/classes started by brian in /media/brian/biggin/Documents/Tablet Backup/Documents/Courses/Java/personal projects/TonsOfTacosV1.2/back-end/tons-of-tacos)
2024-01-22 11:33:33 [main] DEBUG c.a.t.TonsOfTacosApplication -
                Running with Spring Boot v3.0.1, Spring v6.0.3
2024-01-22 11:33:33 [main] INFO  c.a.t.TonsOfTacosApplication -
                No active profile set, falling back to 1 default profile: "default"
2024-01-22 11:33:36 [main] DEBUG c.a.t.config.security.JwtAuthFilter -
                Filter 'jwtAuthFilter' configured for use
2024-01-22 11:33:37 [main] INFO  c.a.t.TonsOfTacosApplication -
                Started TonsOfTacosApplication in 4.541 seconds (process running for 4.982)
2024-01-22 11:40:12 [main] INFO  c.a.t.TonsOfTacosApplication -
                Starting TonsOfTacosApplication using Java 17.0.6 with PID 68555 (/media/brian/biggin/Documents/Tablet Backup/Documents/Courses/Java/personal projects/TonsOfTacosV1.2/back-end/tons-of-tacos/target/classes started by brian in /media/brian/biggin/Documents/Tablet Backup/Documents/Courses/Java/personal projects/TonsOfTacosV1.2/back-end/tons-of-tacos)
2024-01-22 11:40:12 [main] DEBUG c.a.t.TonsOfTacosApplication -
                Running with Spring Boot v3.0.1, Spring v6.0.3
2024-01-22 11:40:12 [main] INFO  c.a.t.TonsOfTacosApplication -
                No active profile set, falling back to 1 default profile: "default"
2024-01-22 11:40:16 [main] DEBUG c.a.t.config.security.JwtAuthFilter -
                Filter 'jwtAuthFilter' configured for use
2024-01-22 11:40:17 [main] INFO  c.a.t.TonsOfTacosApplication -
                Started TonsOfTacosApplication in 4.608 seconds (process running for 5.034)
2024-01-22 11:41:09 [main] INFO  c.a.t.TonsOfTacosApplication -
                Starting TonsOfTacosApplication using Java 17.0.6 with PID 69996 (/media/brian/biggin/Documents/Tablet Backup/Documents/Courses/Java/personal projects/TonsOfTacosV1.2/back-end/tons-of-tacos/target/classes started by brian in /media/brian/biggin/Documents/Tablet Backup/Documents/Courses/Java/personal projects/TonsOfTacosV1.2/back-end/tons-of-tacos)
2024-01-22 11:41:09 [main] DEBUG c.a.t.TonsOfTacosApplication -
                Running with Spring Boot v3.0.1, Spring v6.0.3
2024-01-22 11:41:09 [main] INFO  c.a.t.TonsOfTacosApplication -
                No active profile set, falling back to 1 default profile: "default"
2024-01-22 11:41:12 [main] DEBUG c.a.t.config.security.JwtAuthFilter -
                Filter 'jwtAuthFilter' configured for use
2024-01-22 11:41:13 [main] INFO  c.a.t.TonsOfTacosApplication -
                Started TonsOfTacosApplication in 4.53 seconds (process running for 4.967)
2024-01-22 14:25:38 [main] INFO  c.a.t.t.s.u.GetMenuCategoryTests$testThatDoesNotPolluteTheApplicationContextUris -
                Starting GetMenuCategoryTests.testThatDoesNotPolluteTheApplicationContextUris using Java 17.0.6 with PID 76720 (started by brian in /media/brian/biggin/Documents/Tablet Backup/Documents/Courses/Java/personal projects/TonsOfTacosV1.2/back-end/tons-of-tacos)
2024-01-22 14:25:38 [main] DEBUG c.a.t.t.s.u.GetMenuCategoryTests$testThatDoesNotPolluteTheApplicationContextUris -
                Running with Spring Boot v3.0.1, Spring v6.0.3
2024-01-22 14:25:38 [main] INFO  c.a.t.t.s.u.GetMenuCategoryTests$testThatDoesNotPolluteTheApplicationContextUris -
                No active profile set, falling back to 1 default profile: "default"
2024-01-22 14:25:43 [main] DEBUG c.a.t.config.security.JwtAuthFilter -
                Filter 'jwtAuthFilter' configured for use
2024-01-22 14:25:44 [main] INFO  c.a.t.t.s.u.GetMenuCategoryTests$testThatDoesNotPolluteTheApplicationContextUris -
                Started GetMenuCategoryTests.testThatDoesNotPolluteTheApplicationContextUris in 6.031 seconds (process running for 7.119)
2024-01-22 14:26:08 [main] INFO  c.a.t.t.s.u.GetMenuCategoryTests$testThatDoesNotPolluteTheApplicationContextUris -
                Starting GetMenuCategoryTests.testThatDoesNotPolluteTheApplicationContextUris using Java 17.0.6 with PID 76860 (started by brian in /media/brian/biggin/Documents/Tablet Backup/Documents/Courses/Java/personal projects/TonsOfTacosV1.2/back-end/tons-of-tacos)
2024-01-22 14:26:08 [main] DEBUG c.a.t.t.s.u.GetMenuCategoryTests$testThatDoesNotPolluteTheApplicationContextUris -
                Running with Spring Boot v3.0.1, Spring v6.0.3
2024-01-22 14:26:08 [main] INFO  c.a.t.t.s.u.GetMenuCategoryTests$testThatDoesNotPolluteTheApplicationContextUris -
                No active profile set, falling back to 1 default profile: "default"
2024-01-22 14:26:13 [main] DEBUG c.a.t.config.security.JwtAuthFilter -
                Filter 'jwtAuthFilter' configured for use
2024-01-22 14:26:14 [main] INFO  c.a.t.t.s.u.GetMenuCategoryTests$testThatDoesNotPolluteTheApplicationContextUris -
                Started GetMenuCategoryTests.testThatDoesNotPolluteTheApplicationContextUris in 5.799 seconds (process running for 6.865)
2024-01-22 14:27:36 [main] INFO  c.a.t.t.s.u.GetMenuCategoryTests$testThatDoesNotPolluteTheApplicationContextUris -
                Starting GetMenuCategoryTests.testThatDoesNotPolluteTheApplicationContextUris using Java 17.0.6 with PID 77015 (started by brian in /media/brian/biggin/Documents/Tablet Backup/Documents/Courses/Java/personal projects/TonsOfTacosV1.2/back-end/tons-of-tacos)
2024-01-22 14:27:36 [main] DEBUG c.a.t.t.s.u.GetMenuCategoryTests$testThatDoesNotPolluteTheApplicationContextUris -
                Running with Spring Boot v3.0.1, Spring v6.0.3
2024-01-22 14:27:36 [main] INFO  c.a.t.t.s.u.GetMenuCategoryTests$testThatDoesNotPolluteTheApplicationContextUris -
                No active profile set, falling back to 1 default profile: "default"
2024-01-22 14:27:41 [main] DEBUG c.a.t.config.security.JwtAuthFilter -
                Filter 'jwtAuthFilter' configured for use
2024-01-22 14:27:42 [main] INFO  c.a.t.t.s.u.GetMenuCategoryTests$testThatDoesNotPolluteTheApplicationContextUris -
                Started GetMenuCategoryTests.testThatDoesNotPolluteTheApplicationContextUris in 6.118 seconds (process running for 7.229)
2024-01-22 14:46:27 [main] INFO  c.a.t.t.s.u.GetMenuCategoryTests$testThatDoesNotPolluteTheApplicationContextUris -
                Starting GetMenuCategoryTests.testThatDoesNotPolluteTheApplicationContextUris using Java 17.0.6 with PID 77533 (started by brian in /media/brian/biggin/Documents/Tablet Backup/Documents/Courses/Java/personal projects/TonsOfTacosV1.2/back-end/tons-of-tacos)
2024-01-22 14:46:27 [main] DEBUG c.a.t.t.s.u.GetMenuCategoryTests$testThatDoesNotPolluteTheApplicationContextUris -
                Running with Spring Boot v3.0.1, Spring v6.0.3
2024-01-22 14:46:27 [main] INFO  c.a.t.t.s.u.GetMenuCategoryTests$testThatDoesNotPolluteTheApplicationContextUris -
                No active profile set, falling back to 1 default profile: "default"
2024-01-22 14:46:32 [main] DEBUG c.a.t.config.security.JwtAuthFilter -
                Filter 'jwtAuthFilter' configured for use
2024-01-22 14:46:32 [main] INFO  c.a.t.t.s.u.GetMenuCategoryTests$testThatDoesNotPolluteTheApplicationContextUris -
                Started GetMenuCategoryTests.testThatDoesNotPolluteTheApplicationContextUris in 5.857 seconds (process running for 7.079)
2024-01-22 14:53:05 [main] INFO  c.a.t.t.s.u.GetMenuCategoryTests$testThatDoesNotPolluteTheApplicationContextUris -
                Starting GetMenuCategoryTests.testThatDoesNotPolluteTheApplicationContextUris using Java 17.0.6 with PID 77872 (started by brian in /media/brian/biggin/Documents/Tablet Backup/Documents/Courses/Java/personal projects/TonsOfTacosV1.2/back-end/tons-of-tacos)
2024-01-22 14:53:05 [main] DEBUG c.a.t.t.s.u.GetMenuCategoryTests$testThatDoesNotPolluteTheApplicationContextUris -
                Running with Spring Boot v3.0.1, Spring v6.0.3
2024-01-22 14:53:05 [main] INFO  c.a.t.t.s.u.GetMenuCategoryTests$testThatDoesNotPolluteTheApplicationContextUris -
                No active profile set, falling back to 1 default profile: "default"
