2023-10-12 07:12:40 [main] INFO  c.a.t.t.s.o.o.GetOrdersByCustomerTests$testThatDoesNotPolluteTheApplicationContextUris -
                Started GetOrdersByCustomerTests.testThatDoesNotPolluteTheApplicationContextUris in 0.519 seconds (process running for 9.952)
2023-10-12 07:12:40 [http-nio-auto-4-exec-4] DEBUG c.a.t.e.GlobalExceptionHandler -
                {status code=404 NOT_FOUND, message=No orders for customer found., uri=/api/owners-tools/orders/get-order-customer/customer, timestamp=Thu, 12 Oct 2023 07:12:40 -0700}
2023-10-12 07:12:40 [http-nio-auto-1-exec-2] DEBUG c.a.t.e.GlobalExceptionHandler -
                {status code=400 BAD_REQUEST, message=Customer name incorrectly formatted. Please consult the documentation., uri=/api/owners-tools/customers/edit-customer-name/gd34-igjr/dsfk%20jh!@, timestamp=Thu, 12 Oct 2023 07:12:40 -0700}
2023-10-12 07:12:40 [http-nio-auto-1-exec-4] DEBUG c.a.t.e.GlobalExceptionHandler -
                {status code=404 NOT_FOUND, message=No customer with that id found., uri=/api/owners-tools/customers/edit-customer-name/54/Gary%20Garrison, timestamp=Thu, 12 Oct 2023 07:12:40 -0700}
2023-10-12 07:12:40 [http-nio-auto-4-exec-5] DEBUG c.a.t.e.GlobalExceptionHandler -
                {status code=403 FORBIDDEN, message=Session expired., uri=/api/owners-tools/customers/delete-customer/1, timestamp=Thu, 12 Oct 2023 07:12:40 -0700}
2023-10-12 07:12:40 [http-nio-auto-4-exec-6] DEBUG c.a.t.e.GlobalExceptionHandler -
                {status code=401 UNAUTHORIZED, message=User unauthorized., uri=/api/owners-tools/customers/delete-customer/1, timestamp=Thu, 12 Oct 2023 07:12:40 -0700}
2023-10-12 07:12:40 [http-nio-auto-1-exec-6] DEBUG c.a.t.e.GlobalExceptionHandler -
                {status code=400 BAD_REQUEST, message=Order can not be closed if order is not ready., uri=/api/owners-tools/orders/close-order/654654-465465-555, timestamp=Thu, 12 Oct 2023 07:12:40 -0700}
2023-10-12 07:12:41 [http-nio-auto-1-exec-4] DEBUG c.a.t.e.GlobalExceptionHandler -
                {status code=404 NOT_FOUND, message=Order cannot be found and as such can not be closed. Please verify order id., uri=/api/owners-tools/orders/close-order/66, timestamp=Thu, 12 Oct 2023 07:12:41 -0700}
2023-10-12 07:12:41 [http-nio-auto-1-exec-6] DEBUG c.a.t.e.GlobalExceptionHandler -
                {status code=404 NOT_FOUND, message=No customer found with that UID. Please verify and try  again., uri=/api/owners-tools/customers/get-customer-uid/customerUid, timestamp=Thu, 12 Oct 2023 07:12:41 -0700}
2023-10-12 07:12:41 [http-nio-auto-1-exec-6] DEBUG c.a.t.e.GlobalExceptionHandler -
                {status code=404 NOT_FOUND, message=Order does not exist. Please verify order id and try again., uri=/api/owners-tools/orders/order-ready/88, timestamp=Thu, 12 Oct 2023 07:12:41 -0700}
2023-10-12 07:12:41 [http-nio-auto-4-exec-1] DEBUG c.a.t.e.GlobalExceptionHandler -
                {status code=400 BAD_REQUEST, message=Customer name incorrectly formatted. Please consult the documentation., uri=/api/order/checkout, timestamp=Thu, 12 Oct 2023 07:12:41 -0700}
2023-10-12 07:12:41 [main] INFO  c.a.t.t.TonsOfTacosApplicationTests -
                Starting TonsOfTacosApplicationTests using Java 17.0.6 with PID 176070 (started by brian in /media/brian/Expansion/disk 2/Documents/Tablet Backup/Documents/Courses/Java/personal projects/TonsOfTacosV1.2/back-end/tons-of-tacos)
2023-10-12 07:12:41 [main] DEBUG c.a.t.t.TonsOfTacosApplicationTests -
                Running with Spring Boot v3.0.1, Spring v6.0.3
2023-10-12 07:12:41 [main] INFO  c.a.t.t.TonsOfTacosApplicationTests -
                No active profile set, falling back to 1 default profile: "default"
2023-10-12 07:12:42 [main] INFO  c.a.t.t.TonsOfTacosApplicationTests -
                Started TonsOfTacosApplicationTests in 0.411 seconds (process running for 12.087)
2023-10-12 07:12:42 [http-nio-auto-1-exec-1] DEBUG c.a.t.e.GlobalExceptionHandler -
                {status code=404 NOT_FOUND, message=No customer with that id found., uri=/api/owners-tools/customers/edit-customer-email/13/larry@larbo.com, timestamp=Thu, 12 Oct 2023 07:12:42 -0700}
2023-10-12 07:12:42 [http-nio-auto-1-exec-7] DEBUG c.a.t.e.GlobalExceptionHandler -
                {status code=400 BAD_REQUEST, message=Email does not match formatting requirements, please consult the docs., uri=/api/owners-tools/customers/edit-customer-email/gd34-igjr/larrylarbo.com, timestamp=Thu, 12 Oct 2023 07:12:42 -0700}
2023-10-12 07:16:37 [main] INFO  c.a.t.t.s.o.o.GetTodaysSalesTests$testThatDoesNotPolluteTheApplicationContextUris -
                Starting GetTodaysSalesTests.testThatDoesNotPolluteTheApplicationContextUris using Java 17.0.6 with PID 176618 (started by brian in /media/brian/Expansion/disk 2/Documents/Tablet Backup/Documents/Courses/Java/personal projects/TonsOfTacosV1.2/back-end/tons-of-tacos)
2023-10-12 07:16:37 [main] DEBUG c.a.t.t.s.o.o.GetTodaysSalesTests$testThatDoesNotPolluteTheApplicationContextUris -
                Running with Spring Boot v3.0.1, Spring v6.0.3
2023-10-12 07:16:37 [main] INFO  c.a.t.t.s.o.o.GetTodaysSalesTests$testThatDoesNotPolluteTheApplicationContextUris -
                No active profile set, falling back to 1 default profile: "default"
2023-10-12 07:16:40 [main] DEBUG c.a.t.config.security.JwtAuthFilter -
                Filter 'jwtAuthFilter' configured for use
2023-10-12 07:16:41 [main] INFO  c.a.t.t.s.o.o.GetTodaysSalesTests$testThatDoesNotPolluteTheApplicationContextUris -
                Started GetTodaysSalesTests.testThatDoesNotPolluteTheApplicationContextUris in 3.975 seconds (process running for 4.75)
2023-10-12 07:17:47 [main] INFO  c.a.t.t.s.o.o.DeleteCustomerByUidTest$testThatDoesNotPolluteTheApplicationContextUris -
                Starting DeleteCustomerByUidTest.testThatDoesNotPolluteTheApplicationContextUris using Java 17.0.6 with PID 176794 (started by brian in /media/brian/Expansion/disk 2/Documents/Tablet Backup/Documents/Courses/Java/personal projects/TonsOfTacosV1.2/back-end/tons-of-tacos)
2023-10-12 07:17:47 [main] DEBUG c.a.t.t.s.o.o.DeleteCustomerByUidTest$testThatDoesNotPolluteTheApplicationContextUris -
                Running with Spring Boot v3.0.1, Spring v6.0.3
2023-10-12 07:17:47 [main] INFO  c.a.t.t.s.o.o.DeleteCustomerByUidTest$testThatDoesNotPolluteTheApplicationContextUris -
                No active profile set, falling back to 1 default profile: "default"
2023-10-12 07:17:50 [main] DEBUG c.a.t.config.security.JwtAuthFilter -
                Filter 'jwtAuthFilter' configured for use
2023-10-12 07:17:51 [main] INFO  c.a.t.t.s.o.o.DeleteCustomerByUidTest$testThatDoesNotPolluteTheApplicationContextUris -
                Started DeleteCustomerByUidTest.testThatDoesNotPolluteTheApplicationContextUris in 3.834 seconds (process running for 4.696)
2023-10-12 07:17:52 [http-nio-auto-1-exec-3] DEBUG c.a.t.e.GlobalExceptionHandler -
                {status code=404 NOT_FOUND, message=No customer found with that UID. Please verify and try  again., uri=/api/owners-tools/customers/get-customer-uid/customerUid, timestamp=Thu, 12 Oct 2023 07:17:52 -0700}
2023-10-12 07:17:52 [http-nio-auto-1-exec-5] DEBUG c.a.t.e.GlobalExceptionHandler -
                {status code=404 NOT_FOUND, message=No customer with that uid found. Please check formatting and verify customer exists., uri=/api/owners-tools/customers/delete-customer/85, timestamp=Thu, 12 Oct 2023 07:17:52 -0700}
2023-10-12 07:17:52 [main] INFO  c.a.t.t.m.DbTests.NonEmptyTests -
                Starting NonEmptyTests using Java 17.0.6 with PID 176794 (started by brian in /media/brian/Expansion/disk 2/Documents/Tablet Backup/Documents/Courses/Java/personal projects/TonsOfTacosV1.2/back-end/tons-of-tacos)
2023-10-12 07:17:52 [main] DEBUG c.a.t.t.m.DbTests.NonEmptyTests -
                Running with Spring Boot v3.0.1, Spring v6.0.3
2023-10-12 07:17:52 [main] INFO  c.a.t.t.m.DbTests.NonEmptyTests -
                No active profile set, falling back to 1 default profile: "default"
2023-10-12 07:17:52 [main] DEBUG c.a.t.config.security.JwtAuthFilter -
                Filter 'jwtAuthFilter' configured for use
2023-10-12 07:17:52 [main] INFO  c.a.t.t.m.DbTests.NonEmptyTests -
                Started NonEmptyTests in 0.714 seconds (process running for 6.16)
2023-10-12 07:17:53 [http-nio-auto-1-exec-7] DEBUG c.a.t.e.GlobalExceptionHandler -
                {status code=404 NOT_FOUND, message=You have chosen a category that does not exist. Please check your spelling and formatting., uri=/api/menu/category, timestamp=Thu, 12 Oct 2023 07:17:53 -0700}
2023-10-12 07:17:53 [http-nio-auto-1-exec-3] DEBUG c.a.t.e.GlobalExceptionHandler -
                {status code=404 NOT_FOUND, message=No customer with that uid found. Please check formatting and verify customer exists., uri=/api/owners-tools/customers/edit-customer-phone/14/555.555.5156, timestamp=Thu, 12 Oct 2023 07:17:53 -0700}
2023-10-12 07:17:53 [main] INFO  c.a.t.t.mockTests.DbTests.EmptyTests -
                Starting EmptyTests using Java 17.0.6 with PID 176794 (started by brian in /media/brian/Expansion/disk 2/Documents/Tablet Backup/Documents/Courses/Java/personal projects/TonsOfTacosV1.2/back-end/tons-of-tacos)
2023-10-12 07:17:53 [main] DEBUG c.a.t.t.mockTests.DbTests.EmptyTests -
                Running with Spring Boot v3.0.1, Spring v6.0.3
2023-10-12 07:17:53 [main] INFO  c.a.t.t.mockTests.DbTests.EmptyTests -
                No active profile set, falling back to 1 default profile: "default"
2023-10-12 07:17:54 [main] DEBUG c.a.t.config.security.JwtAuthFilter -
                Filter 'jwtAuthFilter' configured for use
2023-10-12 07:17:54 [main] INFO  c.a.t.t.mockTests.DbTests.EmptyTests -
                Started EmptyTests in 0.76 seconds (process running for 7.399)
2023-10-12 07:17:54 [main] DEBUG c.a.t.e.GlobalExceptionHandler -
                {status code=404 NOT_FOUND, message=No orders found at all. Please contact your application team right away., uri=/api/owners-tools/orders/get-orders, timestamp=Thu, 12 Oct 2023 07:17:54 -0700}
2023-10-12 07:17:54 [main] DEBUG c.a.t.e.GlobalExceptionHandler -
                {status code=404 NOT_FOUND, message=No customers found at all. Please contact your application team right away., uri=/api/owners-tools/customers/get-customers, timestamp=Thu, 12 Oct 2023 07:17:54 -0700}
2023-10-12 07:17:54 [http-nio-auto-1-exec-5] DEBUG c.a.t.e.GlobalExceptionHandler -
                {status code=404 NOT_FOUND, message=You have chosen a menu item that does not exist., uri=/api/menu/id, timestamp=Thu, 12 Oct 2023 07:17:54 -0700}
2023-10-12 07:17:54 [http-nio-auto-1-exec-7] DEBUG c.a.t.e.GlobalExceptionHandler -
                {status code=404 NOT_FOUND, message=Order item not updated. Verify order item is part of order., uri=/api/owners-tools/orders/update-order-item/654654-465465-555/88/2, timestamp=Thu, 12 Oct 2023 07:17:54 -0700}
