2024-01-22 15:18:53 [main] INFO  c.a.t.t.s.u.GetMenuCategoryTests$testThatDoesNotPolluteTheApplicationContextUris -
                Started GetMenuCategoryTests.testThatDoesNotPolluteTheApplicationContextUris in 5.891 seconds (process running for 7.078)
2024-01-22 15:19:21 [main] INFO  c.a.t.t.s.u.GetMenuCategoryTests$testThatDoesNotPolluteTheApplicationContextUris -
                Starting GetMenuCategoryTests.testThatDoesNotPolluteTheApplicationContextUris using Java 17.0.6 with PID 80294 (started by brian in /media/brian/biggin/Documents/Tablet Backup/Documents/Courses/Java/personal projects/TonsOfTacosV1.2/back-end/tons-of-tacos)
2024-01-22 15:19:21 [main] DEBUG c.a.t.t.s.u.GetMenuCategoryTests$testThatDoesNotPolluteTheApplicationContextUris -
                Running with Spring Boot v3.0.1, Spring v6.0.3
2024-01-22 15:19:21 [main] INFO  c.a.t.t.s.u.GetMenuCategoryTests$testThatDoesNotPolluteTheApplicationContextUris -
                No active profile set, falling back to 1 default profile: "default"
2024-01-22 15:19:26 [main] DEBUG c.a.t.config.security.JwtAuthFilter -
                Filter 'jwtAuthFilter' configured for use
2024-01-22 15:19:27 [main] INFO  c.a.t.t.s.u.GetMenuCategoryTests$testThatDoesNotPolluteTheApplicationContextUris -
                Started GetMenuCategoryTests.testThatDoesNotPolluteTheApplicationContextUris in 6.059 seconds (process running for 7.063)
2024-01-22 17:03:53 [main] INFO  c.a.t.t.s.u.GetMenuCategoriesTests$testThatDoesNotPolluteTheApplicationContextUris -
                Starting GetMenuCategoriesTests.testThatDoesNotPolluteTheApplicationContextUris using Java 17.0.6 with PID 84685 (started by brian in /media/brian/biggin/Documents/Tablet Backup/Documents/Courses/Java/personal projects/TonsOfTacosV1.2/back-end/tons-of-tacos)
2024-01-22 17:03:53 [main] DEBUG c.a.t.t.s.u.GetMenuCategoriesTests$testThatDoesNotPolluteTheApplicationContextUris -
                Running with Spring Boot v3.0.1, Spring v6.0.3
2024-01-22 17:03:53 [main] INFO  c.a.t.t.s.u.GetMenuCategoriesTests$testThatDoesNotPolluteTheApplicationContextUris -
                No active profile set, falling back to 1 default profile: "default"
2024-01-22 17:03:57 [main] DEBUG c.a.t.config.security.JwtAuthFilter -
                Filter 'jwtAuthFilter' configured for use
2024-01-22 17:03:58 [main] INFO  c.a.t.t.s.u.GetMenuCategoriesTests$testThatDoesNotPolluteTheApplicationContextUris -
                Started GetMenuCategoriesTests.testThatDoesNotPolluteTheApplicationContextUris in 5.891 seconds (process running for 7.038)
2024-01-22 17:04:33 [main] INFO  c.a.t.t.s.u.GetMenuCategoriesTests$testThatDoesNotPolluteTheApplicationContextUris -
                Starting GetMenuCategoriesTests.testThatDoesNotPolluteTheApplicationContextUris using Java 17.0.6 with PID 84822 (started by brian in /media/brian/biggin/Documents/Tablet Backup/Documents/Courses/Java/personal projects/TonsOfTacosV1.2/back-end/tons-of-tacos)
2024-01-22 17:04:33 [main] DEBUG c.a.t.t.s.u.GetMenuCategoriesTests$testThatDoesNotPolluteTheApplicationContextUris -
                Running with Spring Boot v3.0.1, Spring v6.0.3
2024-01-22 17:04:33 [main] INFO  c.a.t.t.s.u.GetMenuCategoriesTests$testThatDoesNotPolluteTheApplicationContextUris -
                No active profile set, falling back to 1 default profile: "default"
2024-01-22 17:04:37 [main] DEBUG c.a.t.config.security.JwtAuthFilter -
                Filter 'jwtAuthFilter' configured for use
2024-01-22 17:04:38 [main] INFO  c.a.t.t.s.u.GetMenuCategoriesTests$testThatDoesNotPolluteTheApplicationContextUris -
                Started GetMenuCategoriesTests.testThatDoesNotPolluteTheApplicationContextUris in 5.726 seconds (process running for 6.754)
2024-01-22 17:05:50 [main] INFO  c.a.t.t.s.u.GetMenuCategoriesTests$testThatDoesNotPolluteTheApplicationContextUris -
                Starting GetMenuCategoriesTests.testThatDoesNotPolluteTheApplicationContextUris using Java 17.0.6 with PID 84971 (started by brian in /media/brian/biggin/Documents/Tablet Backup/Documents/Courses/Java/personal projects/TonsOfTacosV1.2/back-end/tons-of-tacos)
2024-01-22 17:05:50 [main] DEBUG c.a.t.t.s.u.GetMenuCategoriesTests$testThatDoesNotPolluteTheApplicationContextUris -
                Running with Spring Boot v3.0.1, Spring v6.0.3
2024-01-22 17:05:50 [main] INFO  c.a.t.t.s.u.GetMenuCategoriesTests$testThatDoesNotPolluteTheApplicationContextUris -
                No active profile set, falling back to 1 default profile: "default"
2024-01-22 17:05:55 [main] DEBUG c.a.t.config.security.JwtAuthFilter -
                Filter 'jwtAuthFilter' configured for use
2024-01-22 17:05:56 [main] INFO  c.a.t.t.s.u.GetMenuCategoriesTests$testThatDoesNotPolluteTheApplicationContextUris -
                Started GetMenuCategoriesTests.testThatDoesNotPolluteTheApplicationContextUris in 5.819 seconds (process running for 6.93)
2024-01-22 17:06:31 [main] INFO  c.a.t.t.s.u.GetMenuCategoriesTests$testThatDoesNotPolluteTheApplicationContextUris -
                Starting GetMenuCategoriesTests.testThatDoesNotPolluteTheApplicationContextUris using Java 17.0.6 with PID 85103 (started by brian in /media/brian/biggin/Documents/Tablet Backup/Documents/Courses/Java/personal projects/TonsOfTacosV1.2/back-end/tons-of-tacos)
2024-01-22 17:06:31 [main] DEBUG c.a.t.t.s.u.GetMenuCategoriesTests$testThatDoesNotPolluteTheApplicationContextUris -
                Running with Spring Boot v3.0.1, Spring v6.0.3
2024-01-22 17:06:31 [main] INFO  c.a.t.t.s.u.GetMenuCategoriesTests$testThatDoesNotPolluteTheApplicationContextUris -
                No active profile set, falling back to 1 default profile: "default"
2024-01-22 17:06:35 [main] DEBUG c.a.t.config.security.JwtAuthFilter -
                Filter 'jwtAuthFilter' configured for use
2024-01-22 17:06:36 [main] INFO  c.a.t.t.s.u.GetMenuCategoriesTests$testThatDoesNotPolluteTheApplicationContextUris -
                Started GetMenuCategoriesTests.testThatDoesNotPolluteTheApplicationContextUris in 5.764 seconds (process running for 6.813)
2024-01-22 17:08:11 [main] INFO  c.a.t.t.s.m.GetMenuItemsByCategoryTests$testThatDoesNotPolluteTheApplicationContextUris -
                Starting GetMenuItemsByCategoryTests.testThatDoesNotPolluteTheApplicationContextUris using Java 17.0.6 with PID 85287 (started by brian in /media/brian/biggin/Documents/Tablet Backup/Documents/Courses/Java/personal projects/TonsOfTacosV1.2/back-end/tons-of-tacos)
2024-01-22 17:08:11 [main] DEBUG c.a.t.t.s.m.GetMenuItemsByCategoryTests$testThatDoesNotPolluteTheApplicationContextUris -
                Running with Spring Boot v3.0.1, Spring v6.0.3
2024-01-22 17:08:11 [main] INFO  c.a.t.t.s.m.GetMenuItemsByCategoryTests$testThatDoesNotPolluteTheApplicationContextUris -
                No active profile set, falling back to 1 default profile: "default"
2024-01-22 17:08:16 [main] DEBUG c.a.t.config.security.JwtAuthFilter -
                Filter 'jwtAuthFilter' configured for use
2024-01-22 17:08:16 [main] INFO  c.a.t.t.s.m.GetMenuItemsByCategoryTests$testThatDoesNotPolluteTheApplicationContextUris -
                Started GetMenuItemsByCategoryTests.testThatDoesNotPolluteTheApplicationContextUris in 5.706 seconds (process running for 6.785)
2024-01-22 17:12:36 [main] INFO  c.a.t.t.s.u.GetMenuCategoriesTests$testThatDoesNotPolluteTheApplicationContextUris -
                Starting GetMenuCategoriesTests.testThatDoesNotPolluteTheApplicationContextUris using Java 17.0.6 with PID 85556 (started by brian in /media/brian/biggin/Documents/Tablet Backup/Documents/Courses/Java/personal projects/TonsOfTacosV1.2/back-end/tons-of-tacos)
2024-01-22 17:12:36 [main] DEBUG c.a.t.t.s.u.GetMenuCategoriesTests$testThatDoesNotPolluteTheApplicationContextUris -
                Running with Spring Boot v3.0.1, Spring v6.0.3
2024-01-22 17:12:36 [main] INFO  c.a.t.t.s.u.GetMenuCategoriesTests$testThatDoesNotPolluteTheApplicationContextUris -
                No active profile set, falling back to 1 default profile: "default"
2024-01-22 17:12:41 [main] DEBUG c.a.t.config.security.JwtAuthFilter -
                Filter 'jwtAuthFilter' configured for use
2024-01-22 17:12:42 [main] INFO  c.a.t.t.s.u.GetMenuCategoriesTests$testThatDoesNotPolluteTheApplicationContextUris -
                Started GetMenuCategoriesTests.testThatDoesNotPolluteTheApplicationContextUris in 5.803 seconds (process running for 6.864)
2024-01-22 17:17:43 [main] INFO  c.a.t.t.s.u.GetMenuCategoriesTests$testThatDoesNotPolluteTheApplicationContextUris -
                Starting GetMenuCategoriesTests.testThatDoesNotPolluteTheApplicationContextUris using Java 17.0.6 with PID 85744 (started by brian in /media/brian/biggin/Documents/Tablet Backup/Documents/Courses/Java/personal projects/TonsOfTacosV1.2/back-end/tons-of-tacos)
2024-01-22 17:17:43 [main] DEBUG c.a.t.t.s.u.GetMenuCategoriesTests$testThatDoesNotPolluteTheApplicationContextUris -
                Running with Spring Boot v3.0.1, Spring v6.0.3
2024-01-22 17:17:43 [main] INFO  c.a.t.t.s.u.GetMenuCategoriesTests$testThatDoesNotPolluteTheApplicationContextUris -
                No active profile set, falling back to 1 default profile: "default"
2024-01-22 17:17:48 [main] DEBUG c.a.t.config.security.JwtAuthFilter -
                Filter 'jwtAuthFilter' configured for use
2024-01-22 17:17:49 [main] INFO  c.a.t.t.s.u.GetMenuCategoriesTests$testThatDoesNotPolluteTheApplicationContextUris -
                Started GetMenuCategoriesTests.testThatDoesNotPolluteTheApplicationContextUris in 5.862 seconds (process running for 6.917)
2024-01-22 17:18:51 [main] INFO  c.a.t.t.s.u.GetMenuCategoriesTests$testThatDoesNotPolluteTheApplicationContextUris -
                Starting GetMenuCategoriesTests.testThatDoesNotPolluteTheApplicationContextUris using Java 17.0.6 with PID 85910 (started by brian in /media/brian/biggin/Documents/Tablet Backup/Documents/Courses/Java/personal projects/TonsOfTacosV1.2/back-end/tons-of-tacos)
2024-01-22 17:18:51 [main] DEBUG c.a.t.t.s.u.GetMenuCategoriesTests$testThatDoesNotPolluteTheApplicationContextUris -
                Running with Spring Boot v3.0.1, Spring v6.0.3
2024-01-22 17:18:51 [main] INFO  c.a.t.t.s.u.GetMenuCategoriesTests$testThatDoesNotPolluteTheApplicationContextUris -
                No active profile set, falling back to 1 default profile: "default"
