2023-10-17 10:46:15 [main] DEBUG c.a.t.config.security.JwtAuthFilter -
                Filter 'jwtAuthFilter' configured for use
2023-10-17 10:46:15 [main] INFO  c.a.t.t.s.o.o.UpdateCustomerPhoneTest$testThatDoesNotPolluteTheApplicationContextUris -
                Started UpdateCustomerPhoneTest.testThatDoesNotPolluteTheApplicationContextUris in 4.368 seconds (process running for 5.168)
2023-10-17 10:46:16 [http-nio-auto-1-exec-6] DEBUG c.a.t.e.GlobalExceptionHandler -
                {status code=404 NOT_FOUND, message=No customer with that uid found. Please check formatting and verify customer exists., uri=/api/owners-tools/customers/edit-customer-phone/14/555.555.5156, timestamp=Tue, 17 Oct 2023 10:46:16 -0700}
2023-10-17 10:46:59 [main] INFO  c.a.t.t.s.o.o.AddToOrderTest$testThatDoesNotPolluteTheApplicationContextUris -
                Starting AddToOrderTest.testThatDoesNotPolluteTheApplicationContextUris using Java 17.0.6 with PID 276895 (started by brian in /media/brian/Expansion/disk 2/Documents/Tablet Backup/Documents/Courses/Java/personal projects/TonsOfTacosV1.2/back-end/tons-of-tacos)
2023-10-17 10:46:59 [main] DEBUG c.a.t.t.s.o.o.AddToOrderTest$testThatDoesNotPolluteTheApplicationContextUris -
                Running with Spring Boot v3.0.1, Spring v6.0.3
2023-10-17 10:46:59 [main] INFO  c.a.t.t.s.o.o.AddToOrderTest$testThatDoesNotPolluteTheApplicationContextUris -
                No active profile set, falling back to 1 default profile: "default"
2023-10-17 10:47:02 [main] DEBUG c.a.t.config.security.JwtAuthFilter -
                Filter 'jwtAuthFilter' configured for use
2023-10-17 10:47:03 [main] INFO  c.a.t.t.s.o.o.AddToOrderTest$testThatDoesNotPolluteTheApplicationContextUris -
                Started AddToOrderTest.testThatDoesNotPolluteTheApplicationContextUris in 4.351 seconds (process running for 5.126)
2023-10-17 10:47:03 [http-nio-auto-1-exec-2] DEBUG c.a.t.e.GlobalExceptionHandler -
                {status code=404 NOT_FOUND, message=Menu item can not be added to order. Verify order id., uri=/api/owners-tools/orders/add-to-order/78/2/2, timestamp=Tue, 17 Oct 2023 10:47:03 -0700}
2023-10-17 10:47:03 [http-nio-auto-1-exec-4] DEBUG c.a.t.e.GlobalExceptionHandler -
                {status code=404 NOT_FOUND, message=Unable to find com.adamstraub.tonsoftacos.entities.MenuItem with id 66, uri=/api/owners-tools/orders/add-to-order/654654-465465-555/66/2, timestamp=Tue, 17 Oct 2023 10:47:03 -0700}
2023-10-17 10:47:53 [main] INFO  c.a.t.t.s.o.o.DeleteOrderTests$testThatDoesNotPolluteTheApplicationContextUris -
                Starting DeleteOrderTests.testThatDoesNotPolluteTheApplicationContextUris using Java 17.0.6 with PID 277077 (started by brian in /media/brian/Expansion/disk 2/Documents/Tablet Backup/Documents/Courses/Java/personal projects/TonsOfTacosV1.2/back-end/tons-of-tacos)
2023-10-17 10:47:53 [main] DEBUG c.a.t.t.s.o.o.DeleteOrderTests$testThatDoesNotPolluteTheApplicationContextUris -
                Running with Spring Boot v3.0.1, Spring v6.0.3
2023-10-17 10:47:53 [main] INFO  c.a.t.t.s.o.o.DeleteOrderTests$testThatDoesNotPolluteTheApplicationContextUris -
                No active profile set, falling back to 1 default profile: "default"
2023-10-17 10:47:57 [main] DEBUG c.a.t.config.security.JwtAuthFilter -
                Filter 'jwtAuthFilter' configured for use
2023-10-17 10:47:58 [main] INFO  c.a.t.t.s.o.o.DeleteOrderTests$testThatDoesNotPolluteTheApplicationContextUris -
                Started DeleteOrderTests.testThatDoesNotPolluteTheApplicationContextUris in 4.251 seconds (process running for 5.039)
2023-10-17 10:47:58 [http-nio-auto-1-exec-3] DEBUG c.a.t.e.GlobalExceptionHandler -
                {status code=404 NOT_FOUND, message=No order found with that UID. Please verify and try again., uri=/api/owners-tools/orders/get-order-uid/orderUid, timestamp=Tue, 17 Oct 2023 10:47:58 -0700}
2023-10-17 10:47:58 [http-nio-auto-1-exec-5] DEBUG c.a.t.e.GlobalExceptionHandler -
                {status code=404 NOT_FOUND, message=Can not delete order. Verify order exists., uri=/api/owners-tools/orders/delete-order/78, timestamp=Tue, 17 Oct 2023 10:47:58 -0700}
2023-10-17 10:49:46 [main] INFO  c.a.t.t.s.o.o.EditOrderItemQuantityTest$testThatDoesNotPolluteTheApplicationContextUris -
                Starting EditOrderItemQuantityTest.testThatDoesNotPolluteTheApplicationContextUris using Java 17.0.6 with PID 277280 (started by brian in /media/brian/Expansion/disk 2/Documents/Tablet Backup/Documents/Courses/Java/personal projects/TonsOfTacosV1.2/back-end/tons-of-tacos)
2023-10-17 10:49:46 [main] DEBUG c.a.t.t.s.o.o.EditOrderItemQuantityTest$testThatDoesNotPolluteTheApplicationContextUris -
                Running with Spring Boot v3.0.1, Spring v6.0.3
2023-10-17 10:49:46 [main] INFO  c.a.t.t.s.o.o.EditOrderItemQuantityTest$testThatDoesNotPolluteTheApplicationContextUris -
                No active profile set, falling back to 1 default profile: "default"
2023-10-17 10:49:49 [main] DEBUG c.a.t.config.security.JwtAuthFilter -
                Filter 'jwtAuthFilter' configured for use
2023-10-17 10:49:50 [main] INFO  c.a.t.t.s.o.o.EditOrderItemQuantityTest$testThatDoesNotPolluteTheApplicationContextUris -
                Started EditOrderItemQuantityTest.testThatDoesNotPolluteTheApplicationContextUris in 4.223 seconds (process running for 4.997)
2023-10-17 10:49:50 [http-nio-auto-1-exec-2] DEBUG c.a.t.e.GlobalExceptionHandler -
                {status code=404 NOT_FOUND, message=Order item not updated. Verify order item is part of order., uri=/api/owners-tools/orders/update-order-item/654654-465465-555/88/2, timestamp=Tue, 17 Oct 2023 10:49:50 -0700}
2023-10-17 10:49:50 [http-nio-auto-1-exec-4] DEBUG c.a.t.e.GlobalExceptionHandler -
                {status code=400 BAD_REQUEST, message=We were unable to process your request. Please contact us directly when trying to order more than 10 of any given item., uri=/api/owners-tools/orders/update-order-item/654654-465465-555/3/12, timestamp=Tue, 17 Oct 2023 10:49:50 -0700}
2023-10-17 10:49:51 [http-nio-auto-1-exec-10] DEBUG c.a.t.e.GlobalExceptionHandler -
                {status code=404 NOT_FOUND, message=Order item not updated. Verify order exists., uri=/api/owners-tools/orders/update-order-item/77/3/2, timestamp=Tue, 17 Oct 2023 10:49:51 -0700}
2023-10-17 10:49:58 [main] INFO  c.a.t.t.s.o.o.GetOrderByUidTests$testThatDoesNotPolluteTheApplicationContextUris -
                Starting GetOrderByUidTests.testThatDoesNotPolluteTheApplicationContextUris using Java 17.0.6 with PID 277410 (started by brian in /media/brian/Expansion/disk 2/Documents/Tablet Backup/Documents/Courses/Java/personal projects/TonsOfTacosV1.2/back-end/tons-of-tacos)
2023-10-17 10:49:58 [main] DEBUG c.a.t.t.s.o.o.GetOrderByUidTests$testThatDoesNotPolluteTheApplicationContextUris -
                Running with Spring Boot v3.0.1, Spring v6.0.3
2023-10-17 10:49:58 [main] INFO  c.a.t.t.s.o.o.GetOrderByUidTests$testThatDoesNotPolluteTheApplicationContextUris -
                No active profile set, falling back to 1 default profile: "default"
2023-10-17 10:50:02 [main] DEBUG c.a.t.config.security.JwtAuthFilter -
                Filter 'jwtAuthFilter' configured for use
2023-10-17 10:50:02 [main] INFO  c.a.t.t.s.o.o.GetOrderByUidTests$testThatDoesNotPolluteTheApplicationContextUris -
                Started GetOrderByUidTests.testThatDoesNotPolluteTheApplicationContextUris in 4.516 seconds (process running for 5.344)
2023-10-17 10:50:03 [http-nio-auto-1-exec-4] DEBUG c.a.t.e.GlobalExceptionHandler -
                {status code=404 NOT_FOUND, message=No order found with that UID. Please verify and try again., uri=/api/owners-tools/orders/get-order-uid/orderUid, timestamp=Tue, 17 Oct 2023 10:50:03 -0700}
2023-10-17 10:50:21 [main] INFO  c.a.t.t.s.o.o.GetOrderByUidTests$testThatDoesNotPolluteTheApplicationContextUris -
                Starting GetOrderByUidTests.testThatDoesNotPolluteTheApplicationContextUris using Java 17.0.6 with PID 277566 (started by brian in /media/brian/Expansion/disk 2/Documents/Tablet Backup/Documents/Courses/Java/personal projects/TonsOfTacosV1.2/back-end/tons-of-tacos)
2023-10-17 10:50:21 [main] DEBUG c.a.t.t.s.o.o.GetOrderByUidTests$testThatDoesNotPolluteTheApplicationContextUris -
                Running with Spring Boot v3.0.1, Spring v6.0.3
2023-10-17 10:50:21 [main] INFO  c.a.t.t.s.o.o.GetOrderByUidTests$testThatDoesNotPolluteTheApplicationContextUris -
                No active profile set, falling back to 1 default profile: "default"
2023-10-17 10:50:25 [main] DEBUG c.a.t.config.security.JwtAuthFilter -
                Filter 'jwtAuthFilter' configured for use
2023-10-17 10:50:26 [main] INFO  c.a.t.t.s.o.o.GetOrderByUidTests$testThatDoesNotPolluteTheApplicationContextUris -
                Started GetOrderByUidTests.testThatDoesNotPolluteTheApplicationContextUris in 4.45 seconds (process running for 5.261)
2023-10-17 10:50:26 [http-nio-auto-1-exec-4] DEBUG c.a.t.e.GlobalExceptionHandler -
                {status code=404 NOT_FOUND, message=No order found with that UID. Please verify and try again., uri=/api/owners-tools/orders/get-order-uid/orderUid, timestamp=Tue, 17 Oct 2023 10:50:26 -0700}
2023-10-17 10:51:03 [main] INFO  c.a.t.t.s.o.o.GetOrdersByCustomerTests$testThatDoesNotPolluteTheApplicationContextUris -
                Starting GetOrdersByCustomerTests.testThatDoesNotPolluteTheApplicationContextUris using Java 17.0.6 with PID 277726 (started by brian in /media/brian/Expansion/disk 2/Documents/Tablet Backup/Documents/Courses/Java/personal projects/TonsOfTacosV1.2/back-end/tons-of-tacos)
2023-10-17 10:51:03 [main] DEBUG c.a.t.t.s.o.o.GetOrdersByCustomerTests$testThatDoesNotPolluteTheApplicationContextUris -
                Running with Spring Boot v3.0.1, Spring v6.0.3
2023-10-17 10:51:03 [main] INFO  c.a.t.t.s.o.o.GetOrdersByCustomerTests$testThatDoesNotPolluteTheApplicationContextUris -
                No active profile set, falling back to 1 default profile: "default"
2023-10-17 10:51:07 [main] DEBUG c.a.t.config.security.JwtAuthFilter -
                Filter 'jwtAuthFilter' configured for use
2023-10-17 10:51:07 [main] INFO  c.a.t.t.s.o.o.GetOrdersByCustomerTests$testThatDoesNotPolluteTheApplicationContextUris -
                Started GetOrdersByCustomerTests.testThatDoesNotPolluteTheApplicationContextUris in 4.317 seconds (process running for 5.057)
