2024-01-22 17:18:56 [main] DEBUG c.a.t.config.security.JwtAuthFilter -
                Filter 'jwtAuthFilter' configured for use
2024-01-22 17:18:57 [main] INFO  c.a.t.t.s.u.GetMenuCategoriesTests$testThatDoesNotPolluteTheApplicationContextUris -
                Started GetMenuCategoriesTests.testThatDoesNotPolluteTheApplicationContextUris in 5.754 seconds (process running for 6.76)
2024-01-22 17:19:46 [main] INFO  c.a.t.t.s.u.GetMenuCategoriesTests$testThatDoesNotPolluteTheApplicationContextUris -
                Starting GetMenuCategoriesTests.testThatDoesNotPolluteTheApplicationContextUris using Java 17.0.6 with PID 86096 (started by brian in /media/brian/biggin/Documents/Tablet Backup/Documents/Courses/Java/personal projects/TonsOfTacosV1.2/back-end/tons-of-tacos)
2024-01-22 17:19:46 [main] DEBUG c.a.t.t.s.u.GetMenuCategoriesTests$testThatDoesNotPolluteTheApplicationContextUris -
                Running with Spring Boot v3.0.1, Spring v6.0.3
2024-01-22 17:19:46 [main] INFO  c.a.t.t.s.u.GetMenuCategoriesTests$testThatDoesNotPolluteTheApplicationContextUris -
                No active profile set, falling back to 1 default profile: "default"
2024-01-22 17:19:51 [main] DEBUG c.a.t.config.security.JwtAuthFilter -
                Filter 'jwtAuthFilter' configured for use
2024-01-22 17:19:52 [main] INFO  c.a.t.t.s.u.GetMenuCategoriesTests$testThatDoesNotPolluteTheApplicationContextUris -
                Started GetMenuCategoriesTests.testThatDoesNotPolluteTheApplicationContextUris in 5.853 seconds (process running for 7.028)
2024-01-22 17:21:05 [main] INFO  c.a.t.t.s.u.GetMenuCategoriesTests$testThatDoesNotPolluteTheApplicationContextUris -
                Starting GetMenuCategoriesTests.testThatDoesNotPolluteTheApplicationContextUris using Java 17.0.6 with PID 86227 (started by brian in /media/brian/biggin/Documents/Tablet Backup/Documents/Courses/Java/personal projects/TonsOfTacosV1.2/back-end/tons-of-tacos)
2024-01-22 17:21:05 [main] DEBUG c.a.t.t.s.u.GetMenuCategoriesTests$testThatDoesNotPolluteTheApplicationContextUris -
                Running with Spring Boot v3.0.1, Spring v6.0.3
2024-01-22 17:21:05 [main] INFO  c.a.t.t.s.u.GetMenuCategoriesTests$testThatDoesNotPolluteTheApplicationContextUris -
                No active profile set, falling back to 1 default profile: "default"
2024-01-22 17:21:10 [main] DEBUG c.a.t.config.security.JwtAuthFilter -
                Filter 'jwtAuthFilter' configured for use
2024-01-22 17:21:11 [main] INFO  c.a.t.t.s.u.GetMenuCategoriesTests$testThatDoesNotPolluteTheApplicationContextUris -
                Started GetMenuCategoriesTests.testThatDoesNotPolluteTheApplicationContextUris in 5.595 seconds (process running for 6.63)
2024-01-22 17:21:24 [main] INFO  c.a.t.t.s.u.GetMenuCategoriesTests$testThatDoesNotPolluteTheApplicationContextUris -
                Starting GetMenuCategoriesTests.testThatDoesNotPolluteTheApplicationContextUris using Java 17.0.6 with PID 86381 (started by brian in /media/brian/biggin/Documents/Tablet Backup/Documents/Courses/Java/personal projects/TonsOfTacosV1.2/back-end/tons-of-tacos)
2024-01-22 17:21:24 [main] DEBUG c.a.t.t.s.u.GetMenuCategoriesTests$testThatDoesNotPolluteTheApplicationContextUris -
                Running with Spring Boot v3.0.1, Spring v6.0.3
2024-01-22 17:21:24 [main] INFO  c.a.t.t.s.u.GetMenuCategoriesTests$testThatDoesNotPolluteTheApplicationContextUris -
                No active profile set, falling back to 1 default profile: "default"
2024-01-22 17:21:28 [main] DEBUG c.a.t.config.security.JwtAuthFilter -
                Filter 'jwtAuthFilter' configured for use
2024-01-22 17:21:29 [main] INFO  c.a.t.t.s.u.GetMenuCategoriesTests$testThatDoesNotPolluteTheApplicationContextUris -
                Started GetMenuCategoriesTests.testThatDoesNotPolluteTheApplicationContextUris in 5.781 seconds (process running for 7.006)
2024-01-22 17:21:30 [http-nio-auto-1-exec-4] DEBUG c.a.t.e.GlobalExceptionHandler -
                {status code=404 NOT_FOUND, message=No customer found with that UID. Please verify and try  again., uri=/api/owners-tools/customers/get-customer-uid/customerUid, timestamp=Mon, 22 Jan 2024 17:21:30 -0700}
2024-01-22 17:21:30 [http-nio-auto-1-exec-6] DEBUG c.a.t.e.GlobalExceptionHandler -
                {status code=404 NOT_FOUND, message=No customer with that uid found. Please check formatting and verify customer exists., uri=/api/owners-tools/customers/delete-customer/85, timestamp=Mon, 22 Jan 2024 17:21:30 -0700}
2024-01-22 17:21:30 [http-nio-auto-1-exec-8] DEBUG c.a.t.e.GlobalExceptionHandler -
                {status code=404 NOT_FOUND, message=You have chosen a category that does not exist. Please check your spelling and formatting., uri=/api/menu/category, timestamp=Mon, 22 Jan 2024 17:21:30 -0700}
2024-01-22 17:21:31 [http-nio-auto-1-exec-4] DEBUG c.a.t.e.GlobalExceptionHandler -
                {status code=404 NOT_FOUND, message=No customer with that uid found. Please check formatting and verify customer exists., uri=/api/owners-tools/customers/edit-customer-phone/14/555.555.5156, timestamp=Mon, 22 Jan 2024 17:21:31 -0700}
2024-01-22 17:21:31 [http-nio-auto-1-exec-6] DEBUG c.a.t.e.GlobalExceptionHandler -
                {status code=404 NOT_FOUND, message=You have chosen a menu item that does not exist., uri=/api/menu/id, timestamp=Mon, 22 Jan 2024 17:21:31 -0700}
2024-01-22 17:21:31 [http-nio-auto-1-exec-8] DEBUG c.a.t.e.GlobalExceptionHandler -
                {status code=404 NOT_FOUND, message=Order item not updated. Verify order item is part of order., uri=/api/owners-tools/orders/update-order-item/654654-465465-555/88/2, timestamp=Mon, 22 Jan 2024 17:21:31 -0700}
2024-01-22 17:21:31 [http-nio-auto-1-exec-10] DEBUG c.a.t.e.GlobalExceptionHandler -
                {status code=400 BAD_REQUEST, message=We were unable to process your request. Please contact us directly when trying to order more than 10 of any given item., uri=/api/owners-tools/orders/update-order-item/654654-465465-555/3/12, timestamp=Mon, 22 Jan 2024 17:21:31 -0700}
2024-01-22 17:21:31 [http-nio-auto-1-exec-6] DEBUG c.a.t.e.GlobalExceptionHandler -
                {status code=404 NOT_FOUND, message=Order item not updated. Verify order exists., uri=/api/owners-tools/orders/update-order-item/77/3/2, timestamp=Mon, 22 Jan 2024 17:21:31 -0700}
2024-01-22 17:21:31 [http-nio-auto-1-exec-9] DEBUG c.a.t.e.GlobalExceptionHandler -
                {status code=404 NOT_FOUND, message=No order found with that UID. Please verify and try again., uri=/api/owners-tools/orders/get-order-uid/orderUid, timestamp=Mon, 22 Jan 2024 17:21:31 -0700}
2024-01-22 17:21:32 [http-nio-auto-1-exec-1] DEBUG c.a.t.e.GlobalExceptionHandler -
                {status code=404 NOT_FOUND, message=Can not delete order. Verify order exists., uri=/api/owners-tools/orders/delete-order/78, timestamp=Mon, 22 Jan 2024 17:21:32 -0700}
2024-01-22 17:21:32 [http-nio-auto-1-exec-5] DEBUG c.a.t.e.GlobalExceptionHandler -
                {status code=404 NOT_FOUND, message=No customer found by that name. Please check your spelling and formatting., uri=/api/owners-tools/customers/get-customer-name/name, timestamp=Mon, 22 Jan 2024 17:21:32 -0700}
2024-01-22 17:21:32 [http-nio-auto-1-exec-7] DEBUG c.a.t.e.GlobalExceptionHandler -
                {status code=404 NOT_FOUND, message=Menu item can not be added to order. Verify order id., uri=/api/owners-tools/orders/add-to-order/78/2/2, timestamp=Mon, 22 Jan 2024 17:21:32 -0700}
2024-01-22 17:21:32 [http-nio-auto-1-exec-9] DEBUG c.a.t.e.GlobalExceptionHandler -
                {status code=404 NOT_FOUND, message=Unable to find com.adamstraub.tonsoftacos.entities.MenuItem with id 66, uri=/api/owners-tools/orders/add-to-order/654654-465465-555/66/2, timestamp=Mon, 22 Jan 2024 17:21:32 -0700}
2024-01-22 17:21:32 [http-nio-auto-1-exec-7] DEBUG c.a.t.e.GlobalExceptionHandler -
                {status code=404 NOT_FOUND, message=No order found with that UID. Please verify and try again., uri=/api/owners-tools/orders/get-order-uid/orderUid, timestamp=Mon, 22 Jan 2024 17:21:32 -0700}
2024-01-22 17:21:32 [main] INFO  c.a.t.t.s.o.o.GetOrdersByCustomerTests$testThatDoesNotPolluteTheApplicationContextUris -
                Starting GetOrdersByCustomerTests.testThatDoesNotPolluteTheApplicationContextUris using Java 17.0.6 with PID 86381 (started by brian in /media/brian/biggin/Documents/Tablet Backup/Documents/Courses/Java/personal projects/TonsOfTacosV1.2/back-end/tons-of-tacos)
2024-01-22 17:21:32 [main] DEBUG c.a.t.t.s.o.o.GetOrdersByCustomerTests$testThatDoesNotPolluteTheApplicationContextUris -
                Running with Spring Boot v3.0.1, Spring v6.0.3
2024-01-22 17:21:32 [main] INFO  c.a.t.t.s.o.o.GetOrdersByCustomerTests$testThatDoesNotPolluteTheApplicationContextUris -
                No active profile set, falling back to 1 default profile: "default"
2024-01-22 17:21:33 [main] DEBUG c.a.t.config.security.JwtAuthFilter -
                Filter 'jwtAuthFilter' configured for use
2024-01-22 17:21:33 [main] INFO  c.a.t.t.s.o.o.GetOrdersByCustomerTests$testThatDoesNotPolluteTheApplicationContextUris -
                Started GetOrdersByCustomerTests.testThatDoesNotPolluteTheApplicationContextUris in 1.031 seconds (process running for 11.202)
2024-01-22 17:21:34 [http-nio-auto-2-exec-4] DEBUG c.a.t.e.GlobalExceptionHandler -
                {status code=404 NOT_FOUND, message=No orders for customer found., uri=/api/owners-tools/orders/get-order-customer/customer, timestamp=Mon, 22 Jan 2024 17:21:34 -0700}
2024-01-22 17:21:34 [http-nio-auto-2-exec-5] DEBUG c.a.t.e.GlobalExceptionHandler -
                {status code=403 FORBIDDEN, message=Session expired., uri=/api/owners-tools/customers/delete-customer/1, timestamp=Mon, 22 Jan 2024 17:21:34 -0700}
2024-01-22 17:21:34 [http-nio-auto-2-exec-6] DEBUG c.a.t.e.GlobalExceptionHandler -
                {status code=401 UNAUTHORIZED, message=User unauthorized., uri=/api/owners-tools/customers/delete-customer/1, timestamp=Mon, 22 Jan 2024 17:21:34 -0700}
2024-01-22 17:21:34 [http-nio-auto-1-exec-3] DEBUG c.a.t.e.GlobalExceptionHandler -
                {status code=400 BAD_REQUEST, message=Customer name incorrectly formatted. Please consult the documentation., uri=/api/owners-tools/customers/edit-customer-name/gd34-igjr/dsfk%20jh!@, timestamp=Mon, 22 Jan 2024 17:21:34 -0700}
2024-01-22 17:21:34 [http-nio-auto-1-exec-5] DEBUG c.a.t.e.GlobalExceptionHandler -
                {status code=404 NOT_FOUND, message=No customer with that id found., uri=/api/owners-tools/customers/edit-customer-name/54/Gary%20Garrison, timestamp=Mon, 22 Jan 2024 17:21:34 -0700}
