2024-01-23 00:03:26 [main] INFO  c.a.t.t.mockTests.DbTests.EmptyTests -
                Starting EmptyTests using Java 17.0.6 with PID 116287 (started by brian in /media/brian/biggin/Documents/Tablet Backup/Documents/Courses/Java/personal projects/TonsOfTacosV1.2/back-end/tons-of-tacos)
2024-01-23 00:03:26 [main] DEBUG c.a.t.t.mockTests.DbTests.EmptyTests -
                Running with Spring Boot v3.0.1, Spring v6.0.3
2024-01-23 00:03:26 [main] INFO  c.a.t.t.mockTests.DbTests.EmptyTests -
                No active profile set, falling back to 1 default profile: "default"
2024-01-23 00:03:28 [main] INFO  c.a.t.t.mockTests.DbTests.EmptyTests -
                Starting EmptyTests using Java 17.0.6 with PID 116287 (started by brian in /media/brian/biggin/Documents/Tablet Backup/Documents/Courses/Java/personal projects/TonsOfTacosV1.2/back-end/tons-of-tacos)
2024-01-23 00:03:28 [main] DEBUG c.a.t.t.mockTests.DbTests.EmptyTests -
                Running with Spring Boot v3.0.1, Spring v6.0.3
2024-01-23 00:03:28 [main] INFO  c.a.t.t.mockTests.DbTests.EmptyTests -
                No active profile set, falling back to 1 default profile: "default"
2024-01-23 00:03:30 [main] INFO  c.a.t.t.TonsOfTacosApplicationTests -
                Starting TonsOfTacosApplicationTests using Java 17.0.6 with PID 116287 (started by brian in /media/brian/biggin/Documents/Tablet Backup/Documents/Courses/Java/personal projects/TonsOfTacosV1.2/back-end/tons-of-tacos)
2024-01-23 00:03:30 [main] DEBUG c.a.t.t.TonsOfTacosApplicationTests -
                Running with Spring Boot v3.0.1, Spring v6.0.3
2024-01-23 00:03:30 [main] INFO  c.a.t.t.TonsOfTacosApplicationTests -
                No active profile set, falling back to 1 default profile: "default"
2024-01-23 00:08:22 [main] INFO  c.a.t.TonsOfTacosApplication -
                Starting TonsOfTacosApplication using Java 17.0.6 with PID 116693 (/media/brian/biggin/Documents/Tablet Backup/Documents/Courses/Java/personal projects/TonsOfTacosV1.2/back-end/tons-of-tacos/target/classes started by brian in /media/brian/biggin/Documents/Tablet Backup/Documents/Courses/Java/personal projects/TonsOfTacosV1.2/back-end/tons-of-tacos)
2024-01-23 00:08:22 [main] DEBUG c.a.t.TonsOfTacosApplication -
                Running with Spring Boot v3.0.1, Spring v6.0.3
2024-01-23 00:08:22 [main] INFO  c.a.t.TonsOfTacosApplication -
                No active profile set, falling back to 1 default profile: "default"
2024-01-23 00:08:40 [main] INFO  c.a.t.t.mockTests.DbTests.EmptyTests -
                Starting EmptyTests using Java 17.0.6 with PID 116883 (started by brian in /media/brian/biggin/Documents/Tablet Backup/Documents/Courses/Java/personal projects/TonsOfTacosV1.2/back-end/tons-of-tacos)
2024-01-23 00:08:40 [main] DEBUG c.a.t.t.mockTests.DbTests.EmptyTests -
                Running with Spring Boot v3.0.1, Spring v6.0.3
2024-01-23 00:08:40 [main] INFO  c.a.t.t.mockTests.DbTests.EmptyTests -
                No active profile set, falling back to 1 default profile: "default"
2024-01-23 00:08:43 [main] INFO  c.a.t.t.mockTests.DbTests.EmptyTests -
                Starting EmptyTests using Java 17.0.6 with PID 116883 (started by brian in /media/brian/biggin/Documents/Tablet Backup/Documents/Courses/Java/personal projects/TonsOfTacosV1.2/back-end/tons-of-tacos)
2024-01-23 00:08:43 [main] DEBUG c.a.t.t.mockTests.DbTests.EmptyTests -
                Running with Spring Boot v3.0.1, Spring v6.0.3
2024-01-23 00:08:43 [main] INFO  c.a.t.t.mockTests.DbTests.EmptyTests -
                No active profile set, falling back to 1 default profile: "default"
2024-01-23 00:08:44 [main] INFO  c.a.t.t.TonsOfTacosApplicationTests -
                Starting TonsOfTacosApplicationTests using Java 17.0.6 with PID 116883 (started by brian in /media/brian/biggin/Documents/Tablet Backup/Documents/Courses/Java/personal projects/TonsOfTacosV1.2/back-end/tons-of-tacos)
2024-01-23 00:08:44 [main] DEBUG c.a.t.t.TonsOfTacosApplicationTests -
                Running with Spring Boot v3.0.1, Spring v6.0.3
2024-01-23 00:08:44 [main] INFO  c.a.t.t.TonsOfTacosApplicationTests -
                No active profile set, falling back to 1 default profile: "default"
2024-01-23 00:11:45 [main] INFO  c.a.t.t.s.u.GetMenuCategoriesTests$testThatDoesNotPolluteTheApplicationContextUris -
                Starting GetMenuCategoriesTests.testThatDoesNotPolluteTheApplicationContextUris using Java 17.0.6 with PID 117102 (started by brian in /media/brian/biggin/Documents/Tablet Backup/Documents/Courses/Java/personal projects/TonsOfTacosV1.2/back-end/tons-of-tacos)
2024-01-23 00:11:45 [main] DEBUG c.a.t.t.s.u.GetMenuCategoriesTests$testThatDoesNotPolluteTheApplicationContextUris -
                Running with Spring Boot v3.0.1, Spring v6.0.3
2024-01-23 00:11:45 [main] INFO  c.a.t.t.s.u.GetMenuCategoriesTests$testThatDoesNotPolluteTheApplicationContextUris -
                No active profile set, falling back to 1 default profile: "default"
2024-01-23 00:11:47 [main] INFO  c.a.t.t.s.u.GetMenuCategoriesTests$testThatDoesNotPolluteTheApplicationContextUris -
                Starting GetMenuCategoriesTests.testThatDoesNotPolluteTheApplicationContextUris using Java 17.0.6 with PID 117102 (started by brian in /media/brian/biggin/Documents/Tablet Backup/Documents/Courses/Java/personal projects/TonsOfTacosV1.2/back-end/tons-of-tacos)
2024-01-23 00:11:47 [main] DEBUG c.a.t.t.s.u.GetMenuCategoriesTests$testThatDoesNotPolluteTheApplicationContextUris -
                Running with Spring Boot v3.0.1, Spring v6.0.3
2024-01-23 00:11:47 [main] INFO  c.a.t.t.s.u.GetMenuCategoriesTests$testThatDoesNotPolluteTheApplicationContextUris -
                No active profile set, falling back to 1 default profile: "default"
2024-01-23 00:11:48 [main] INFO  c.a.t.t.s.o.o.DeleteCustomerByUidTest$testThatDoesNotPolluteTheApplicationContextUris -
                Starting DeleteCustomerByUidTest.testThatDoesNotPolluteTheApplicationContextUris using Java 17.0.6 with PID 117102 (started by brian in /media/brian/biggin/Documents/Tablet Backup/Documents/Courses/Java/personal projects/TonsOfTacosV1.2/back-end/tons-of-tacos)
2024-01-23 00:11:48 [main] DEBUG c.a.t.t.s.o.o.DeleteCustomerByUidTest$testThatDoesNotPolluteTheApplicationContextUris -
                Running with Spring Boot v3.0.1, Spring v6.0.3
2024-01-23 00:11:48 [main] INFO  c.a.t.t.s.o.o.DeleteCustomerByUidTest$testThatDoesNotPolluteTheApplicationContextUris -
                No active profile set, falling back to 1 default profile: "default"
2024-01-23 00:11:48 [main] INFO  c.a.t.t.s.o.o.DeleteCustomerByUidTest$testThatDoesNotPolluteTheApplicationContextUris -
                Starting DeleteCustomerByUidTest.testThatDoesNotPolluteTheApplicationContextUris using Java 17.0.6 with PID 117102 (started by brian in /media/brian/biggin/Documents/Tablet Backup/Documents/Courses/Java/personal projects/TonsOfTacosV1.2/back-end/tons-of-tacos)
2024-01-23 00:11:48 [main] DEBUG c.a.t.t.s.o.o.DeleteCustomerByUidTest$testThatDoesNotPolluteTheApplicationContextUris -
                Running with Spring Boot v3.0.1, Spring v6.0.3
2024-01-23 00:11:48 [main] INFO  c.a.t.t.s.o.o.DeleteCustomerByUidTest$testThatDoesNotPolluteTheApplicationContextUris -
                No active profile set, falling back to 1 default profile: "default"
2024-01-23 00:11:49 [main] INFO  c.a.t.t.m.DbTests.NonEmptyTests -
                Starting NonEmptyTests using Java 17.0.6 with PID 117102 (started by brian in /media/brian/biggin/Documents/Tablet Backup/Documents/Courses/Java/personal projects/TonsOfTacosV1.2/back-end/tons-of-tacos)
2024-01-23 00:11:49 [main] DEBUG c.a.t.t.m.DbTests.NonEmptyTests -
                Running with Spring Boot v3.0.1, Spring v6.0.3
2024-01-23 00:11:49 [main] INFO  c.a.t.t.m.DbTests.NonEmptyTests -
                No active profile set, falling back to 1 default profile: "default"
2024-01-23 00:11:49 [main] INFO  c.a.t.t.m.DbTests.NonEmptyTests -
                Starting NonEmptyTests using Java 17.0.6 with PID 117102 (started by brian in /media/brian/biggin/Documents/Tablet Backup/Documents/Courses/Java/personal projects/TonsOfTacosV1.2/back-end/tons-of-tacos)
2024-01-23 00:11:49 [main] DEBUG c.a.t.t.m.DbTests.NonEmptyTests -
                Running with Spring Boot v3.0.1, Spring v6.0.3
2024-01-23 00:11:49 [main] INFO  c.a.t.t.m.DbTests.NonEmptyTests -
                No active profile set, falling back to 1 default profile: "default"
2024-01-23 00:11:50 [main] INFO  c.a.t.t.s.m.GetMenuItemsByCategoryTests$testThatDoesNotPolluteTheApplicationContextUris -
                Starting GetMenuItemsByCategoryTests.testThatDoesNotPolluteTheApplicationContextUris using Java 17.0.6 with PID 117102 (started by brian in /media/brian/biggin/Documents/Tablet Backup/Documents/Courses/Java/personal projects/TonsOfTacosV1.2/back-end/tons-of-tacos)
2024-01-23 00:11:50 [main] DEBUG c.a.t.t.s.m.GetMenuItemsByCategoryTests$testThatDoesNotPolluteTheApplicationContextUris -
                Running with Spring Boot v3.0.1, Spring v6.0.3
2024-01-23 00:11:50 [main] INFO  c.a.t.t.s.m.GetMenuItemsByCategoryTests$testThatDoesNotPolluteTheApplicationContextUris -
                No active profile set, falling back to 1 default profile: "default"
2024-01-23 00:11:50 [main] INFO  c.a.t.t.s.m.GetMenuItemsByCategoryTests$testThatDoesNotPolluteTheApplicationContextUris -
                Starting GetMenuItemsByCategoryTests.testThatDoesNotPolluteTheApplicationContextUris using Java 17.0.6 with PID 117102 (started by brian in /media/brian/biggin/Documents/Tablet Backup/Documents/Courses/Java/personal projects/TonsOfTacosV1.2/back-end/tons-of-tacos)
2024-01-23 00:11:50 [main] DEBUG c.a.t.t.s.m.GetMenuItemsByCategoryTests$testThatDoesNotPolluteTheApplicationContextUris -
                Running with Spring Boot v3.0.1, Spring v6.0.3
2024-01-23 00:11:50 [main] INFO  c.a.t.t.s.m.GetMenuItemsByCategoryTests$testThatDoesNotPolluteTheApplicationContextUris -
                No active profile set, falling back to 1 default profile: "default"
2024-01-23 00:11:51 [main] INFO  c.a.t.t.s.o.o.UpdateCustomerPhoneTest$testThatDoesNotPolluteTheApplicationContextUris -
                Starting UpdateCustomerPhoneTest.testThatDoesNotPolluteTheApplicationContextUris using Java 17.0.6 with PID 117102 (started by brian in /media/brian/biggin/Documents/Tablet Backup/Documents/Courses/Java/personal projects/TonsOfTacosV1.2/back-end/tons-of-tacos)
2024-01-23 00:11:51 [main] DEBUG c.a.t.t.s.o.o.UpdateCustomerPhoneTest$testThatDoesNotPolluteTheApplicationContextUris -
                Running with Spring Boot v3.0.1, Spring v6.0.3
2024-01-23 00:11:51 [main] INFO  c.a.t.t.s.o.o.UpdateCustomerPhoneTest$testThatDoesNotPolluteTheApplicationContextUris -
                No active profile set, falling back to 1 default profile: "default"
2024-01-23 00:11:51 [main] INFO  c.a.t.t.s.o.o.UpdateCustomerPhoneTest$testThatDoesNotPolluteTheApplicationContextUris -
                Starting UpdateCustomerPhoneTest.testThatDoesNotPolluteTheApplicationContextUris using Java 17.0.6 with PID 117102 (started by brian in /media/brian/biggin/Documents/Tablet Backup/Documents/Courses/Java/personal projects/TonsOfTacosV1.2/back-end/tons-of-tacos)
2024-01-23 00:11:51 [main] DEBUG c.a.t.t.s.o.o.UpdateCustomerPhoneTest$testThatDoesNotPolluteTheApplicationContextUris -
                Running with Spring Boot v3.0.1, Spring v6.0.3
2024-01-23 00:11:51 [main] INFO  c.a.t.t.s.o.o.UpdateCustomerPhoneTest$testThatDoesNotPolluteTheApplicationContextUris -
                No active profile set, falling back to 1 default profile: "default"
2024-01-23 00:11:52 [main] INFO  c.a.t.t.mockTests.DbTests.EmptyTests -
                Starting EmptyTests using Java 17.0.6 with PID 117102 (started by brian in /media/brian/biggin/Documents/Tablet Backup/Documents/Courses/Java/personal projects/TonsOfTacosV1.2/back-end/tons-of-tacos)
2024-01-23 00:11:52 [main] DEBUG c.a.t.t.mockTests.DbTests.EmptyTests -
                Running with Spring Boot v3.0.1, Spring v6.0.3
2024-01-23 00:11:52 [main] INFO  c.a.t.t.mockTests.DbTests.EmptyTests -
                No active profile set, falling back to 1 default profile: "default"
2024-01-23 00:11:53 [main] INFO  c.a.t.t.mockTests.DbTests.EmptyTests -
                Starting EmptyTests using Java 17.0.6 with PID 117102 (started by brian in /media/brian/biggin/Documents/Tablet Backup/Documents/Courses/Java/personal projects/TonsOfTacosV1.2/back-end/tons-of-tacos)
2024-01-23 00:11:53 [main] DEBUG c.a.t.t.mockTests.DbTests.EmptyTests -
                Running with Spring Boot v3.0.1, Spring v6.0.3
2024-01-23 00:11:53 [main] INFO  c.a.t.t.mockTests.DbTests.EmptyTests -
                No active profile set, falling back to 1 default profile: "default"
2024-01-23 00:11:53 [main] INFO  c.a.t.t.s.m.GetMenuItemsByIdTests$testThatDoesNotPolluteTheApplicationContextUris -
                Starting GetMenuItemsByIdTests.testThatDoesNotPolluteTheApplicationContextUris using Java 17.0.6 with PID 117102 (started by brian in /media/brian/biggin/Documents/Tablet Backup/Documents/Courses/Java/personal projects/TonsOfTacosV1.2/back-end/tons-of-tacos)
2024-01-23 00:11:53 [main] DEBUG c.a.t.t.s.m.GetMenuItemsByIdTests$testThatDoesNotPolluteTheApplicationContextUris -
                Running with Spring Boot v3.0.1, Spring v6.0.3
2024-01-23 00:11:53 [main] INFO  c.a.t.t.s.m.GetMenuItemsByIdTests$testThatDoesNotPolluteTheApplicationContextUris -
                No active profile set, falling back to 1 default profile: "default"
2024-01-23 00:11:54 [main] INFO  c.a.t.t.s.m.GetMenuItemsByIdTests$testThatDoesNotPolluteTheApplicationContextUris -
                Starting GetMenuItemsByIdTests.testThatDoesNotPolluteTheApplicationContextUris using Java 17.0.6 with PID 117102 (started by brian in /media/brian/biggin/Documents/Tablet Backup/Documents/Courses/Java/personal projects/TonsOfTacosV1.2/back-end/tons-of-tacos)
2024-01-23 00:11:54 [main] DEBUG c.a.t.t.s.m.GetMenuItemsByIdTests$testThatDoesNotPolluteTheApplicationContextUris -
                Running with Spring Boot v3.0.1, Spring v6.0.3
2024-01-23 00:11:54 [main] INFO  c.a.t.t.s.m.GetMenuItemsByIdTests$testThatDoesNotPolluteTheApplicationContextUris -
                No active profile set, falling back to 1 default profile: "default"
2024-01-23 00:11:54 [main] INFO  c.a.t.t.s.o.o.EditOrderItemQuantityTest$testThatDoesNotPolluteTheApplicationContextUris -
                Starting EditOrderItemQuantityTest.testThatDoesNotPolluteTheApplicationContextUris using Java 17.0.6 with PID 117102 (started by brian in /media/brian/biggin/Documents/Tablet Backup/Documents/Courses/Java/personal projects/TonsOfTacosV1.2/back-end/tons-of-tacos)
2024-01-23 00:11:54 [main] DEBUG c.a.t.t.s.o.o.EditOrderItemQuantityTest$testThatDoesNotPolluteTheApplicationContextUris -
                Running with Spring Boot v3.0.1, Spring v6.0.3
2024-01-23 00:11:54 [main] INFO  c.a.t.t.s.o.o.EditOrderItemQuantityTest$testThatDoesNotPolluteTheApplicationContextUris -
                No active profile set, falling back to 1 default profile: "default"
2024-01-23 00:11:55 [main] INFO  c.a.t.t.s.o.o.EditOrderItemQuantityTest$testThatDoesNotPolluteTheApplicationContextUris -
                Starting EditOrderItemQuantityTest.testThatDoesNotPolluteTheApplicationContextUris using Java 17.0.6 with PID 117102 (started by brian in /media/brian/biggin/Documents/Tablet Backup/Documents/Courses/Java/personal projects/TonsOfTacosV1.2/back-end/tons-of-tacos)
2024-01-23 00:11:55 [main] DEBUG c.a.t.t.s.o.o.EditOrderItemQuantityTest$testThatDoesNotPolluteTheApplicationContextUris -
                Running with Spring Boot v3.0.1, Spring v6.0.3
2024-01-23 00:11:55 [main] INFO  c.a.t.t.s.o.o.EditOrderItemQuantityTest$testThatDoesNotPolluteTheApplicationContextUris -
                No active profile set, falling back to 1 default profile: "default"
2024-01-23 00:11:55 [main] INFO  c.a.t.t.s.o.o.EditOrderItemQuantityTest$testThatDoesNotPolluteTheApplicationContextUris -
                Starting EditOrderItemQuantityTest.testThatDoesNotPolluteTheApplicationContextUris using Java 17.0.6 with PID 117102 (started by brian in /media/brian/biggin/Documents/Tablet Backup/Documents/Courses/Java/personal projects/TonsOfTacosV1.2/back-end/tons-of-tacos)
2024-01-23 00:11:55 [main] DEBUG c.a.t.t.s.o.o.EditOrderItemQuantityTest$testThatDoesNotPolluteTheApplicationContextUris -
                Running with Spring Boot v3.0.1, Spring v6.0.3
2024-01-23 00:11:55 [main] INFO  c.a.t.t.s.o.o.EditOrderItemQuantityTest$testThatDoesNotPolluteTheApplicationContextUris -
                No active profile set, falling back to 1 default profile: "default"
2024-01-23 00:11:56 [main] INFO  c.a.t.t.s.o.o.EditOrderItemQuantityTest$testThatDoesNotPolluteTheApplicationContextUris -
                Starting EditOrderItemQuantityTest.testThatDoesNotPolluteTheApplicationContextUris using Java 17.0.6 with PID 117102 (started by brian in /media/brian/biggin/Documents/Tablet Backup/Documents/Courses/Java/personal projects/TonsOfTacosV1.2/back-end/tons-of-tacos)
2024-01-23 00:11:56 [main] DEBUG c.a.t.t.s.o.o.EditOrderItemQuantityTest$testThatDoesNotPolluteTheApplicationContextUris -
                Running with Spring Boot v3.0.1, Spring v6.0.3
2024-01-23 00:11:56 [main] INFO  c.a.t.t.s.o.o.EditOrderItemQuantityTest$testThatDoesNotPolluteTheApplicationContextUris -
                No active profile set, falling back to 1 default profile: "default"
2024-01-23 00:11:56 [main] INFO  c.a.t.t.s.o.o.DeleteOrderTests$testThatDoesNotPolluteTheApplicationContextUris -
                Starting DeleteOrderTests.testThatDoesNotPolluteTheApplicationContextUris using Java 17.0.6 with PID 117102 (started by brian in /media/brian/biggin/Documents/Tablet Backup/Documents/Courses/Java/personal projects/TonsOfTacosV1.2/back-end/tons-of-tacos)
2024-01-23 00:11:56 [main] DEBUG c.a.t.t.s.o.o.DeleteOrderTests$testThatDoesNotPolluteTheApplicationContextUris -
                Running with Spring Boot v3.0.1, Spring v6.0.3
2024-01-23 00:11:56 [main] INFO  c.a.t.t.s.o.o.DeleteOrderTests$testThatDoesNotPolluteTheApplicationContextUris -
                No active profile set, falling back to 1 default profile: "default"
2024-01-23 00:11:57 [main] INFO  c.a.t.t.s.o.o.DeleteOrderTests$testThatDoesNotPolluteTheApplicationContextUris -
                Starting DeleteOrderTests.testThatDoesNotPolluteTheApplicationContextUris using Java 17.0.6 with PID 117102 (started by brian in /media/brian/biggin/Documents/Tablet Backup/Documents/Courses/Java/personal projects/TonsOfTacosV1.2/back-end/tons-of-tacos)
2024-01-23 00:11:57 [main] DEBUG c.a.t.t.s.o.o.DeleteOrderTests$testThatDoesNotPolluteTheApplicationContextUris -
                Running with Spring Boot v3.0.1, Spring v6.0.3
2024-01-23 00:11:57 [main] INFO  c.a.t.t.s.o.o.DeleteOrderTests$testThatDoesNotPolluteTheApplicationContextUris -
                No active profile set, falling back to 1 default profile: "default"
2024-01-23 00:11:57 [main] INFO  c.a.t.t.s.o.o.GetCustomerByNameTest$testThatDoesNotPolluteTheApplicationContextUris -
                Starting GetCustomerByNameTest.testThatDoesNotPolluteTheApplicationContextUris using Java 17.0.6 with PID 117102 (started by brian in /media/brian/biggin/Documents/Tablet Backup/Documents/Courses/Java/personal projects/TonsOfTacosV1.2/back-end/tons-of-tacos)
2024-01-23 00:11:57 [main] DEBUG c.a.t.t.s.o.o.GetCustomerByNameTest$testThatDoesNotPolluteTheApplicationContextUris -
                Running with Spring Boot v3.0.1, Spring v6.0.3
2024-01-23 00:11:57 [main] INFO  c.a.t.t.s.o.o.GetCustomerByNameTest$testThatDoesNotPolluteTheApplicationContextUris -
                No active profile set, falling back to 1 default profile: "default"
2024-01-23 00:11:58 [main] INFO  c.a.t.t.s.o.o.GetCustomerByNameTest$testThatDoesNotPolluteTheApplicationContextUris -
                Starting GetCustomerByNameTest.testThatDoesNotPolluteTheApplicationContextUris using Java 17.0.6 with PID 117102 (started by brian in /media/brian/biggin/Documents/Tablet Backup/Documents/Courses/Java/personal projects/TonsOfTacosV1.2/back-end/tons-of-tacos)
2024-01-23 00:11:58 [main] DEBUG c.a.t.t.s.o.o.GetCustomerByNameTest$testThatDoesNotPolluteTheApplicationContextUris -
                Running with Spring Boot v3.0.1, Spring v6.0.3
2024-01-23 00:11:58 [main] INFO  c.a.t.t.s.o.o.GetCustomerByNameTest$testThatDoesNotPolluteTheApplicationContextUris -
                No active profile set, falling back to 1 default profile: "default"
2024-01-23 00:11:58 [main] INFO  c.a.t.t.s.o.o.AddToOrderTest$testThatDoesNotPolluteTheApplicationContextUris -
                Starting AddToOrderTest.testThatDoesNotPolluteTheApplicationContextUris using Java 17.0.6 with PID 117102 (started by brian in /media/brian/biggin/Documents/Tablet Backup/Documents/Courses/Java/personal projects/TonsOfTacosV1.2/back-end/tons-of-tacos)
2024-01-23 00:11:58 [main] DEBUG c.a.t.t.s.o.o.AddToOrderTest$testThatDoesNotPolluteTheApplicationContextUris -
                Running with Spring Boot v3.0.1, Spring v6.0.3
2024-01-23 00:11:58 [main] INFO  c.a.t.t.s.o.o.AddToOrderTest$testThatDoesNotPolluteTheApplicationContextUris -
                No active profile set, falling back to 1 default profile: "default"
2024-01-23 00:11:58 [main] INFO  c.a.t.t.s.o.o.AddToOrderTest$testThatDoesNotPolluteTheApplicationContextUris -
                Starting AddToOrderTest.testThatDoesNotPolluteTheApplicationContextUris using Java 17.0.6 with PID 117102 (started by brian in /media/brian/biggin/Documents/Tablet Backup/Documents/Courses/Java/personal projects/TonsOfTacosV1.2/back-end/tons-of-tacos)
2024-01-23 00:11:58 [main] DEBUG c.a.t.t.s.o.o.AddToOrderTest$testThatDoesNotPolluteTheApplicationContextUris -
                Running with Spring Boot v3.0.1, Spring v6.0.3
2024-01-23 00:11:58 [main] INFO  c.a.t.t.s.o.o.AddToOrderTest$testThatDoesNotPolluteTheApplicationContextUris -
                No active profile set, falling back to 1 default profile: "default"
2024-01-23 00:11:59 [main] INFO  c.a.t.t.s.o.o.AddToOrderTest$testThatDoesNotPolluteTheApplicationContextUris -
                Starting AddToOrderTest.testThatDoesNotPolluteTheApplicationContextUris using Java 17.0.6 with PID 117102 (started by brian in /media/brian/biggin/Documents/Tablet Backup/Documents/Courses/Java/personal projects/TonsOfTacosV1.2/back-end/tons-of-tacos)
2024-01-23 00:11:59 [main] DEBUG c.a.t.t.s.o.o.AddToOrderTest$testThatDoesNotPolluteTheApplicationContextUris -
                Running with Spring Boot v3.0.1, Spring v6.0.3
2024-01-23 00:11:59 [main] INFO  c.a.t.t.s.o.o.AddToOrderTest$testThatDoesNotPolluteTheApplicationContextUris -
                No active profile set, falling back to 1 default profile: "default"
2024-01-23 00:11:59 [main] INFO  c.a.t.t.s.o.o.GetOrderByUidTests$testThatDoesNotPolluteTheApplicationContextUris -
                Starting GetOrderByUidTests.testThatDoesNotPolluteTheApplicationContextUris using Java 17.0.6 with PID 117102 (started by brian in /media/brian/biggin/Documents/Tablet Backup/Documents/Courses/Java/personal projects/TonsOfTacosV1.2/back-end/tons-of-tacos)
2024-01-23 00:11:59 [main] DEBUG c.a.t.t.s.o.o.GetOrderByUidTests$testThatDoesNotPolluteTheApplicationContextUris -
                Running with Spring Boot v3.0.1, Spring v6.0.3
2024-01-23 00:11:59 [main] INFO  c.a.t.t.s.o.o.GetOrderByUidTests$testThatDoesNotPolluteTheApplicationContextUris -
                No active profile set, falling back to 1 default profile: "default"
2024-01-23 00:12:00 [main] INFO  c.a.t.t.s.o.o.GetOrderByUidTests$testThatDoesNotPolluteTheApplicationContextUris -
                Starting GetOrderByUidTests.testThatDoesNotPolluteTheApplicationContextUris using Java 17.0.6 with PID 117102 (started by brian in /media/brian/biggin/Documents/Tablet Backup/Documents/Courses/Java/personal projects/TonsOfTacosV1.2/back-end/tons-of-tacos)
2024-01-23 00:12:00 [main] DEBUG c.a.t.t.s.o.o.GetOrderByUidTests$testThatDoesNotPolluteTheApplicationContextUris -
                Running with Spring Boot v3.0.1, Spring v6.0.3
2024-01-23 00:12:00 [main] INFO  c.a.t.t.s.o.o.GetOrderByUidTests$testThatDoesNotPolluteTheApplicationContextUris -
                No active profile set, falling back to 1 default profile: "default"
2024-01-23 00:12:00 [main] INFO  c.a.t.t.s.o.o.GetOrdersByCustomerTests$testThatDoesNotPolluteTheApplicationContextUris -
                Starting GetOrdersByCustomerTests.testThatDoesNotPolluteTheApplicationContextUris using Java 17.0.6 with PID 117102 (started by brian in /media/brian/biggin/Documents/Tablet Backup/Documents/Courses/Java/personal projects/TonsOfTacosV1.2/back-end/tons-of-tacos)
2024-01-23 00:12:00 [main] DEBUG c.a.t.t.s.o.o.GetOrdersByCustomerTests$testThatDoesNotPolluteTheApplicationContextUris -
                Running with Spring Boot v3.0.1, Spring v6.0.3
2024-01-23 00:12:00 [main] INFO  c.a.t.t.s.o.o.GetOrdersByCustomerTests$testThatDoesNotPolluteTheApplicationContextUris -
                No active profile set, falling back to 1 default profile: "default"
2024-01-23 00:12:01 [main] INFO  c.a.t.t.s.o.o.GetOrdersByCustomerTests$testThatDoesNotPolluteTheApplicationContextUris -
                Starting GetOrdersByCustomerTests.testThatDoesNotPolluteTheApplicationContextUris using Java 17.0.6 with PID 117102 (started by brian in /media/brian/biggin/Documents/Tablet Backup/Documents/Courses/Java/personal projects/TonsOfTacosV1.2/back-end/tons-of-tacos)
2024-01-23 00:12:01 [main] DEBUG c.a.t.t.s.o.o.GetOrdersByCustomerTests$testThatDoesNotPolluteTheApplicationContextUris -
                Running with Spring Boot v3.0.1, Spring v6.0.3
2024-01-23 00:12:01 [main] INFO  c.a.t.t.s.o.o.GetOrdersByCustomerTests$testThatDoesNotPolluteTheApplicationContextUris -
                No active profile set, falling back to 1 default profile: "default"
2024-01-23 00:12:01 [main] INFO  c.a.t.t.s.o.a.BadJwtTests$testThatDoesNotPolluteTheApplicationContextUris -
                Starting BadJwtTests.testThatDoesNotPolluteTheApplicationContextUris using Java 17.0.6 with PID 117102 (started by brian in /media/brian/biggin/Documents/Tablet Backup/Documents/Courses/Java/personal projects/TonsOfTacosV1.2/back-end/tons-of-tacos)
2024-01-23 00:12:01 [main] DEBUG c.a.t.t.s.o.a.BadJwtTests$testThatDoesNotPolluteTheApplicationContextUris -
                Running with Spring Boot v3.0.1, Spring v6.0.3
2024-01-23 00:12:01 [main] INFO  c.a.t.t.s.o.a.BadJwtTests$testThatDoesNotPolluteTheApplicationContextUris -
                No active profile set, falling back to 1 default profile: "default"
2024-01-23 00:12:02 [main] INFO  c.a.t.t.s.o.a.BadJwtTests$testThatDoesNotPolluteTheApplicationContextUris -
                Starting BadJwtTests.testThatDoesNotPolluteTheApplicationContextUris using Java 17.0.6 with PID 117102 (started by brian in /media/brian/biggin/Documents/Tablet Backup/Documents/Courses/Java/personal projects/TonsOfTacosV1.2/back-end/tons-of-tacos)
2024-01-23 00:12:02 [main] DEBUG c.a.t.t.s.o.a.BadJwtTests$testThatDoesNotPolluteTheApplicationContextUris -
                Running with Spring Boot v3.0.1, Spring v6.0.3
2024-01-23 00:12:02 [main] INFO  c.a.t.t.s.o.a.BadJwtTests$testThatDoesNotPolluteTheApplicationContextUris -
                No active profile set, falling back to 1 default profile: "default"
2024-01-23 00:12:02 [main] INFO  c.a.t.t.s.o.o.UpdateCustomerNameTest$testThatDoesNotPolluteTheApplicationContextUris -
                Starting UpdateCustomerNameTest.testThatDoesNotPolluteTheApplicationContextUris using Java 17.0.6 with PID 117102 (started by brian in /media/brian/biggin/Documents/Tablet Backup/Documents/Courses/Java/personal projects/TonsOfTacosV1.2/back-end/tons-of-tacos)
2024-01-23 00:12:02 [main] DEBUG c.a.t.t.s.o.o.UpdateCustomerNameTest$testThatDoesNotPolluteTheApplicationContextUris -
                Running with Spring Boot v3.0.1, Spring v6.0.3
2024-01-23 00:12:02 [main] INFO  c.a.t.t.s.o.o.UpdateCustomerNameTest$testThatDoesNotPolluteTheApplicationContextUris -
                No active profile set, falling back to 1 default profile: "default"
2024-01-23 00:12:03 [main] INFO  c.a.t.t.s.o.o.UpdateCustomerNameTest$testThatDoesNotPolluteTheApplicationContextUris -
                Starting UpdateCustomerNameTest.testThatDoesNotPolluteTheApplicationContextUris using Java 17.0.6 with PID 117102 (started by brian in /media/brian/biggin/Documents/Tablet Backup/Documents/Courses/Java/personal projects/TonsOfTacosV1.2/back-end/tons-of-tacos)
2024-01-23 00:12:03 [main] DEBUG c.a.t.t.s.o.o.UpdateCustomerNameTest$testThatDoesNotPolluteTheApplicationContextUris -
                Running with Spring Boot v3.0.1, Spring v6.0.3
2024-01-23 00:12:03 [main] INFO  c.a.t.t.s.o.o.UpdateCustomerNameTest$testThatDoesNotPolluteTheApplicationContextUris -
                No active profile set, falling back to 1 default profile: "default"
2024-01-23 00:12:03 [main] INFO  c.a.t.t.s.o.o.UpdateCustomerNameTest$testThatDoesNotPolluteTheApplicationContextUris -
                Starting UpdateCustomerNameTest.testThatDoesNotPolluteTheApplicationContextUris using Java 17.0.6 with PID 117102 (started by brian in /media/brian/biggin/Documents/Tablet Backup/Documents/Courses/Java/personal projects/TonsOfTacosV1.2/back-end/tons-of-tacos)
2024-01-23 00:12:03 [main] DEBUG c.a.t.t.s.o.o.UpdateCustomerNameTest$testThatDoesNotPolluteTheApplicationContextUris -
                Running with Spring Boot v3.0.1, Spring v6.0.3
2024-01-23 00:12:03 [main] INFO  c.a.t.t.s.o.o.UpdateCustomerNameTest$testThatDoesNotPolluteTheApplicationContextUris -
                No active profile set, falling back to 1 default profile: "default"
2024-01-23 00:12:04 [main] INFO  c.a.t.t.s.o.o.OrderClosedTests$testThatDoesNotPolluteTheApplicationContextUris -
                Starting OrderClosedTests.testThatDoesNotPolluteTheApplicationContextUris using Java 17.0.6 with PID 117102 (started by brian in /media/brian/biggin/Documents/Tablet Backup/Documents/Courses/Java/personal projects/TonsOfTacosV1.2/back-end/tons-of-tacos)
2024-01-23 00:12:04 [main] DEBUG c.a.t.t.s.o.o.OrderClosedTests$testThatDoesNotPolluteTheApplicationContextUris -
                Running with Spring Boot v3.0.1, Spring v6.0.3
2024-01-23 00:12:04 [main] INFO  c.a.t.t.s.o.o.OrderClosedTests$testThatDoesNotPolluteTheApplicationContextUris -
                No active profile set, falling back to 1 default profile: "default"
2024-01-23 00:12:04 [main] INFO  c.a.t.t.s.o.o.OrderClosedTests$testThatDoesNotPolluteTheApplicationContextUris -
                Starting OrderClosedTests.testThatDoesNotPolluteTheApplicationContextUris using Java 17.0.6 with PID 117102 (started by brian in /media/brian/biggin/Documents/Tablet Backup/Documents/Courses/Java/personal projects/TonsOfTacosV1.2/back-end/tons-of-tacos)
2024-01-23 00:12:04 [main] DEBUG c.a.t.t.s.o.o.OrderClosedTests$testThatDoesNotPolluteTheApplicationContextUris -
                Running with Spring Boot v3.0.1, Spring v6.0.3
2024-01-23 00:12:04 [main] INFO  c.a.t.t.s.o.o.OrderClosedTests$testThatDoesNotPolluteTheApplicationContextUris -
                No active profile set, falling back to 1 default profile: "default"
2024-01-23 00:12:05 [main] INFO  c.a.t.t.s.o.o.OrderClosedTests$testThatDoesNotPolluteTheApplicationContextUris -
                Starting OrderClosedTests.testThatDoesNotPolluteTheApplicationContextUris using Java 17.0.6 with PID 117102 (started by brian in /media/brian/biggin/Documents/Tablet Backup/Documents/Courses/Java/personal projects/TonsOfTacosV1.2/back-end/tons-of-tacos)
2024-01-23 00:12:05 [main] DEBUG c.a.t.t.s.o.o.OrderClosedTests$testThatDoesNotPolluteTheApplicationContextUris -
                Running with Spring Boot v3.0.1, Spring v6.0.3
2024-01-23 00:12:05 [main] INFO  c.a.t.t.s.o.o.OrderClosedTests$testThatDoesNotPolluteTheApplicationContextUris -
                No active profile set, falling back to 1 default profile: "default"
2024-01-23 00:12:05 [main] INFO  c.a.t.t.s.o.o.GetCustomerByUidTest$testThatDoesNotPolluteTheApplicationContextUris -
                Starting GetCustomerByUidTest.testThatDoesNotPolluteTheApplicationContextUris using Java 17.0.6 with PID 117102 (started by brian in /media/brian/biggin/Documents/Tablet Backup/Documents/Courses/Java/personal projects/TonsOfTacosV1.2/back-end/tons-of-tacos)
2024-01-23 00:12:05 [main] DEBUG c.a.t.t.s.o.o.GetCustomerByUidTest$testThatDoesNotPolluteTheApplicationContextUris -
                Running with Spring Boot v3.0.1, Spring v6.0.3
2024-01-23 00:12:05 [main] INFO  c.a.t.t.s.o.o.GetCustomerByUidTest$testThatDoesNotPolluteTheApplicationContextUris -
                No active profile set, falling back to 1 default profile: "default"
2024-01-23 00:12:05 [main] INFO  c.a.t.t.s.o.o.GetCustomerByUidTest$testThatDoesNotPolluteTheApplicationContextUris -
                Starting GetCustomerByUidTest.testThatDoesNotPolluteTheApplicationContextUris using Java 17.0.6 with PID 117102 (started by brian in /media/brian/biggin/Documents/Tablet Backup/Documents/Courses/Java/personal projects/TonsOfTacosV1.2/back-end/tons-of-tacos)
2024-01-23 00:12:05 [main] DEBUG c.a.t.t.s.o.o.GetCustomerByUidTest$testThatDoesNotPolluteTheApplicationContextUris -
                Running with Spring Boot v3.0.1, Spring v6.0.3
2024-01-23 00:12:05 [main] INFO  c.a.t.t.s.o.o.GetCustomerByUidTest$testThatDoesNotPolluteTheApplicationContextUris -
                No active profile set, falling back to 1 default profile: "default"
2024-01-23 00:12:06 [main] INFO  c.a.t.t.s.o.o.GetTodaysSalesTests$testThatDoesNotPolluteTheApplicationContextUris -
                Starting GetTodaysSalesTests.testThatDoesNotPolluteTheApplicationContextUris using Java 17.0.6 with PID 117102 (started by brian in /media/brian/biggin/Documents/Tablet Backup/Documents/Courses/Java/personal projects/TonsOfTacosV1.2/back-end/tons-of-tacos)
2024-01-23 00:12:06 [main] DEBUG c.a.t.t.s.o.o.GetTodaysSalesTests$testThatDoesNotPolluteTheApplicationContextUris -
                Running with Spring Boot v3.0.1, Spring v6.0.3
2024-01-23 00:12:06 [main] INFO  c.a.t.t.s.o.o.GetTodaysSalesTests$testThatDoesNotPolluteTheApplicationContextUris -
                No active profile set, falling back to 1 default profile: "default"
2024-01-23 00:12:06 [main] INFO  c.a.t.t.s.o.o.OrderReadyTests$testThatDoesNotPolluteTheApplicationContextUris -
                Starting OrderReadyTests.testThatDoesNotPolluteTheApplicationContextUris using Java 17.0.6 with PID 117102 (started by brian in /media/brian/biggin/Documents/Tablet Backup/Documents/Courses/Java/personal projects/TonsOfTacosV1.2/back-end/tons-of-tacos)
2024-01-23 00:12:06 [main] DEBUG c.a.t.t.s.o.o.OrderReadyTests$testThatDoesNotPolluteTheApplicationContextUris -
                Running with Spring Boot v3.0.1, Spring v6.0.3
2024-01-23 00:12:06 [main] INFO  c.a.t.t.s.o.o.OrderReadyTests$testThatDoesNotPolluteTheApplicationContextUris -
                No active profile set, falling back to 1 default profile: "default"
2024-01-23 00:12:07 [main] INFO  c.a.t.t.s.o.o.OrderReadyTests$testThatDoesNotPolluteTheApplicationContextUris -
                Starting OrderReadyTests.testThatDoesNotPolluteTheApplicationContextUris using Java 17.0.6 with PID 117102 (started by brian in /media/brian/biggin/Documents/Tablet Backup/Documents/Courses/Java/personal projects/TonsOfTacosV1.2/back-end/tons-of-tacos)
2024-01-23 00:12:07 [main] DEBUG c.a.t.t.s.o.o.OrderReadyTests$testThatDoesNotPolluteTheApplicationContextUris -
                Running with Spring Boot v3.0.1, Spring v6.0.3
2024-01-23 00:12:07 [main] INFO  c.a.t.t.s.o.o.OrderReadyTests$testThatDoesNotPolluteTheApplicationContextUris -
                No active profile set, falling back to 1 default profile: "default"
2024-01-23 00:12:07 [main] INFO  c.a.t.t.s.o.CreateOrderTests$testThatDoesNotPolluteTheApplicationContextUris -
                Starting CreateOrderTests.testThatDoesNotPolluteTheApplicationContextUris using Java 17.0.6 with PID 117102 (started by brian in /media/brian/biggin/Documents/Tablet Backup/Documents/Courses/Java/personal projects/TonsOfTacosV1.2/back-end/tons-of-tacos)
2024-01-23 00:12:07 [main] DEBUG c.a.t.t.s.o.CreateOrderTests$testThatDoesNotPolluteTheApplicationContextUris -
                Running with Spring Boot v3.0.1, Spring v6.0.3
2024-01-23 00:12:07 [main] INFO  c.a.t.t.s.o.CreateOrderTests$testThatDoesNotPolluteTheApplicationContextUris -
                No active profile set, falling back to 1 default profile: "default"
2024-01-23 00:12:08 [main] INFO  c.a.t.t.s.o.CreateOrderTests$testThatDoesNotPolluteTheApplicationContextUris -
                Starting CreateOrderTests.testThatDoesNotPolluteTheApplicationContextUris using Java 17.0.6 with PID 117102 (started by brian in /media/brian/biggin/Documents/Tablet Backup/Documents/Courses/Java/personal projects/TonsOfTacosV1.2/back-end/tons-of-tacos)
2024-01-23 00:12:08 [main] DEBUG c.a.t.t.s.o.CreateOrderTests$testThatDoesNotPolluteTheApplicationContextUris -
                Running with Spring Boot v3.0.1, Spring v6.0.3
2024-01-23 00:12:08 [main] INFO  c.a.t.t.s.o.CreateOrderTests$testThatDoesNotPolluteTheApplicationContextUris -
                No active profile set, falling back to 1 default profile: "default"
2024-01-23 00:12:08 [main] INFO  c.a.t.t.s.o.a.LoginTest$testThatDoesNotPolluteTheApplicationContextUris -
                Starting LoginTest.testThatDoesNotPolluteTheApplicationContextUris using Java 17.0.6 with PID 117102 (started by brian in /media/brian/biggin/Documents/Tablet Backup/Documents/Courses/Java/personal projects/TonsOfTacosV1.2/back-end/tons-of-tacos)
2024-01-23 00:12:08 [main] DEBUG c.a.t.t.s.o.a.LoginTest$testThatDoesNotPolluteTheApplicationContextUris -
                Running with Spring Boot v3.0.1, Spring v6.0.3
2024-01-23 00:12:08 [main] INFO  c.a.t.t.s.o.a.LoginTest$testThatDoesNotPolluteTheApplicationContextUris -
                No active profile set, falling back to 1 default profile: "default"
2024-01-23 00:12:09 [main] INFO  c.a.t.t.s.o.a.LoginTest$testThatDoesNotPolluteTheApplicationContextUris -
                Starting LoginTest.testThatDoesNotPolluteTheApplicationContextUris using Java 17.0.6 with PID 117102 (started by brian in /media/brian/biggin/Documents/Tablet Backup/Documents/Courses/Java/personal projects/TonsOfTacosV1.2/back-end/tons-of-tacos)
2024-01-23 00:12:09 [main] DEBUG c.a.t.t.s.o.a.LoginTest$testThatDoesNotPolluteTheApplicationContextUris -
                Running with Spring Boot v3.0.1, Spring v6.0.3
2024-01-23 00:12:09 [main] INFO  c.a.t.t.s.o.a.LoginTest$testThatDoesNotPolluteTheApplicationContextUris -
                No active profile set, falling back to 1 default profile: "default"
2024-01-23 00:12:09 [main] INFO  c.a.t.t.s.o.a.LoginTest$testThatDoesNotPolluteTheApplicationContextUris -
                Starting LoginTest.testThatDoesNotPolluteTheApplicationContextUris using Java 17.0.6 with PID 117102 (started by brian in /media/brian/biggin/Documents/Tablet Backup/Documents/Courses/Java/personal projects/TonsOfTacosV1.2/back-end/tons-of-tacos)
2024-01-23 00:12:09 [main] DEBUG c.a.t.t.s.o.a.LoginTest$testThatDoesNotPolluteTheApplicationContextUris -
                Running with Spring Boot v3.0.1, Spring v6.0.3
2024-01-23 00:12:09 [main] INFO  c.a.t.t.s.o.a.LoginTest$testThatDoesNotPolluteTheApplicationContextUris -
                No active profile set, falling back to 1 default profile: "default"
2024-01-23 00:12:10 [main] INFO  c.a.t.t.TonsOfTacosApplicationTests -
                Starting TonsOfTacosApplicationTests using Java 17.0.6 with PID 117102 (started by brian in /media/brian/biggin/Documents/Tablet Backup/Documents/Courses/Java/personal projects/TonsOfTacosV1.2/back-end/tons-of-tacos)
2024-01-23 00:12:10 [main] DEBUG c.a.t.t.TonsOfTacosApplicationTests -
                Running with Spring Boot v3.0.1, Spring v6.0.3
2024-01-23 00:12:10 [main] INFO  c.a.t.t.TonsOfTacosApplicationTests -
                No active profile set, falling back to 1 default profile: "default"
2024-01-23 00:12:12 [main] INFO  c.a.t.t.s.o.o.UpdateCustomerEmailTest$testThatDoesNotPolluteTheApplicationContextUris -
                Starting UpdateCustomerEmailTest.testThatDoesNotPolluteTheApplicationContextUris using Java 17.0.6 with PID 117102 (started by brian in /media/brian/biggin/Documents/Tablet Backup/Documents/Courses/Java/personal projects/TonsOfTacosV1.2/back-end/tons-of-tacos)
2024-01-23 00:12:12 [main] DEBUG c.a.t.t.s.o.o.UpdateCustomerEmailTest$testThatDoesNotPolluteTheApplicationContextUris -
                Running with Spring Boot v3.0.1, Spring v6.0.3
2024-01-23 00:12:12 [main] INFO  c.a.t.t.s.o.o.UpdateCustomerEmailTest$testThatDoesNotPolluteTheApplicationContextUris -
                No active profile set, falling back to 1 default profile: "default"
2024-01-23 00:12:12 [main] INFO  c.a.t.t.s.o.o.UpdateCustomerEmailTest$testThatDoesNotPolluteTheApplicationContextUris -
                Starting UpdateCustomerEmailTest.testThatDoesNotPolluteTheApplicationContextUris using Java 17.0.6 with PID 117102 (started by brian in /media/brian/biggin/Documents/Tablet Backup/Documents/Courses/Java/personal projects/TonsOfTacosV1.2/back-end/tons-of-tacos)
2024-01-23 00:12:12 [main] DEBUG c.a.t.t.s.o.o.UpdateCustomerEmailTest$testThatDoesNotPolluteTheApplicationContextUris -
                Running with Spring Boot v3.0.1, Spring v6.0.3
2024-01-23 00:12:12 [main] INFO  c.a.t.t.s.o.o.UpdateCustomerEmailTest$testThatDoesNotPolluteTheApplicationContextUris -
                No active profile set, falling back to 1 default profile: "default"
2024-01-23 00:12:13 [main] INFO  c.a.t.t.s.o.o.UpdateCustomerEmailTest$testThatDoesNotPolluteTheApplicationContextUris -
                Starting UpdateCustomerEmailTest.testThatDoesNotPolluteTheApplicationContextUris using Java 17.0.6 with PID 117102 (started by brian in /media/brian/biggin/Documents/Tablet Backup/Documents/Courses/Java/personal projects/TonsOfTacosV1.2/back-end/tons-of-tacos)
2024-01-23 00:12:13 [main] DEBUG c.a.t.t.s.o.o.UpdateCustomerEmailTest$testThatDoesNotPolluteTheApplicationContextUris -
                Running with Spring Boot v3.0.1, Spring v6.0.3
2024-01-23 00:12:13 [main] INFO  c.a.t.t.s.o.o.UpdateCustomerEmailTest$testThatDoesNotPolluteTheApplicationContextUris -
                No active profile set, falling back to 1 default profile: "default"
2024-01-23 00:14:02 [main] INFO  c.a.t.t.s.u.GetMenuCategoriesTests$testThatDoesNotPolluteTheApplicationContextUris -
                Starting GetMenuCategoriesTests.testThatDoesNotPolluteTheApplicationContextUris using Java 17.0.6 with PID 117494 (started by brian in /media/brian/biggin/Documents/Tablet Backup/Documents/Courses/Java/personal projects/TonsOfTacosV1.2/back-end/tons-of-tacos)
2024-01-23 00:14:02 [main] DEBUG c.a.t.t.s.u.GetMenuCategoriesTests$testThatDoesNotPolluteTheApplicationContextUris -
                Running with Spring Boot v3.0.1, Spring v6.0.3
2024-01-23 00:14:02 [main] INFO  c.a.t.t.s.u.GetMenuCategoriesTests$testThatDoesNotPolluteTheApplicationContextUris -
                No active profile set, falling back to 1 default profile: "default"
2024-01-23 00:14:06 [main] INFO  c.a.t.t.s.u.GetMenuCategoriesTests$testThatDoesNotPolluteTheApplicationContextUris -
                Starting GetMenuCategoriesTests.testThatDoesNotPolluteTheApplicationContextUris using Java 17.0.6 with PID 117494 (started by brian in /media/brian/biggin/Documents/Tablet Backup/Documents/Courses/Java/personal projects/TonsOfTacosV1.2/back-end/tons-of-tacos)
2024-01-23 00:14:06 [main] DEBUG c.a.t.t.s.u.GetMenuCategoriesTests$testThatDoesNotPolluteTheApplicationContextUris -
                Running with Spring Boot v3.0.1, Spring v6.0.3
2024-01-23 00:14:06 [main] INFO  c.a.t.t.s.u.GetMenuCategoriesTests$testThatDoesNotPolluteTheApplicationContextUris -
                No active profile set, falling back to 1 default profile: "default"
2024-01-23 00:14:07 [main] INFO  c.a.t.t.s.o.o.DeleteCustomerByUidTest$testThatDoesNotPolluteTheApplicationContextUris -
                Starting DeleteCustomerByUidTest.testThatDoesNotPolluteTheApplicationContextUris using Java 17.0.6 with PID 117494 (started by brian in /media/brian/biggin/Documents/Tablet Backup/Documents/Courses/Java/personal projects/TonsOfTacosV1.2/back-end/tons-of-tacos)
2024-01-23 00:14:07 [main] DEBUG c.a.t.t.s.o.o.DeleteCustomerByUidTest$testThatDoesNotPolluteTheApplicationContextUris -
                Running with Spring Boot v3.0.1, Spring v6.0.3
2024-01-23 00:14:07 [main] INFO  c.a.t.t.s.o.o.DeleteCustomerByUidTest$testThatDoesNotPolluteTheApplicationContextUris -
                No active profile set, falling back to 1 default profile: "default"
2024-01-23 00:14:08 [main] INFO  c.a.t.t.s.o.o.DeleteCustomerByUidTest$testThatDoesNotPolluteTheApplicationContextUris -
                Starting DeleteCustomerByUidTest.testThatDoesNotPolluteTheApplicationContextUris using Java 17.0.6 with PID 117494 (started by brian in /media/brian/biggin/Documents/Tablet Backup/Documents/Courses/Java/personal projects/TonsOfTacosV1.2/back-end/tons-of-tacos)
2024-01-23 00:14:08 [main] DEBUG c.a.t.t.s.o.o.DeleteCustomerByUidTest$testThatDoesNotPolluteTheApplicationContextUris -
                Running with Spring Boot v3.0.1, Spring v6.0.3
2024-01-23 00:14:08 [main] INFO  c.a.t.t.s.o.o.DeleteCustomerByUidTest$testThatDoesNotPolluteTheApplicationContextUris -
                No active profile set, falling back to 1 default profile: "default"
2024-01-23 00:14:09 [main] INFO  c.a.t.t.m.DbTests.NonEmptyTests -
                Starting NonEmptyTests using Java 17.0.6 with PID 117494 (started by brian in /media/brian/biggin/Documents/Tablet Backup/Documents/Courses/Java/personal projects/TonsOfTacosV1.2/back-end/tons-of-tacos)
2024-01-23 00:14:09 [main] DEBUG c.a.t.t.m.DbTests.NonEmptyTests -
                Running with Spring Boot v3.0.1, Spring v6.0.3
2024-01-23 00:14:09 [main] INFO  c.a.t.t.m.DbTests.NonEmptyTests -
                No active profile set, falling back to 1 default profile: "default"
2024-01-23 00:14:09 [main] INFO  c.a.t.t.m.DbTests.NonEmptyTests -
                Starting NonEmptyTests using Java 17.0.6 with PID 117494 (started by brian in /media/brian/biggin/Documents/Tablet Backup/Documents/Courses/Java/personal projects/TonsOfTacosV1.2/back-end/tons-of-tacos)
2024-01-23 00:14:09 [main] DEBUG c.a.t.t.m.DbTests.NonEmptyTests -
                Running with Spring Boot v3.0.1, Spring v6.0.3
2024-01-23 00:14:09 [main] INFO  c.a.t.t.m.DbTests.NonEmptyTests -
                No active profile set, falling back to 1 default profile: "default"
2024-01-23 00:14:10 [main] INFO  c.a.t.t.s.m.GetMenuItemsByCategoryTests$testThatDoesNotPolluteTheApplicationContextUris -
                Starting GetMenuItemsByCategoryTests.testThatDoesNotPolluteTheApplicationContextUris using Java 17.0.6 with PID 117494 (started by brian in /media/brian/biggin/Documents/Tablet Backup/Documents/Courses/Java/personal projects/TonsOfTacosV1.2/back-end/tons-of-tacos)
2024-01-23 00:14:10 [main] DEBUG c.a.t.t.s.m.GetMenuItemsByCategoryTests$testThatDoesNotPolluteTheApplicationContextUris -
                Running with Spring Boot v3.0.1, Spring v6.0.3
2024-01-23 00:14:10 [main] INFO  c.a.t.t.s.m.GetMenuItemsByCategoryTests$testThatDoesNotPolluteTheApplicationContextUris -
                No active profile set, falling back to 1 default profile: "default"
2024-01-23 00:14:11 [main] INFO  c.a.t.t.s.m.GetMenuItemsByCategoryTests$testThatDoesNotPolluteTheApplicationContextUris -
                Starting GetMenuItemsByCategoryTests.testThatDoesNotPolluteTheApplicationContextUris using Java 17.0.6 with PID 117494 (started by brian in /media/brian/biggin/Documents/Tablet Backup/Documents/Courses/Java/personal projects/TonsOfTacosV1.2/back-end/tons-of-tacos)
2024-01-23 00:14:11 [main] DEBUG c.a.t.t.s.m.GetMenuItemsByCategoryTests$testThatDoesNotPolluteTheApplicationContextUris -
                Running with Spring Boot v3.0.1, Spring v6.0.3
2024-01-23 00:14:11 [main] INFO  c.a.t.t.s.m.GetMenuItemsByCategoryTests$testThatDoesNotPolluteTheApplicationContextUris -
                No active profile set, falling back to 1 default profile: "default"
2024-01-23 00:14:12 [main] INFO  c.a.t.t.s.o.o.UpdateCustomerPhoneTest$testThatDoesNotPolluteTheApplicationContextUris -
                Starting UpdateCustomerPhoneTest.testThatDoesNotPolluteTheApplicationContextUris using Java 17.0.6 with PID 117494 (started by brian in /media/brian/biggin/Documents/Tablet Backup/Documents/Courses/Java/personal projects/TonsOfTacosV1.2/back-end/tons-of-tacos)
2024-01-23 00:14:12 [main] DEBUG c.a.t.t.s.o.o.UpdateCustomerPhoneTest$testThatDoesNotPolluteTheApplicationContextUris -
                Running with Spring Boot v3.0.1, Spring v6.0.3
2024-01-23 00:14:12 [main] INFO  c.a.t.t.s.o.o.UpdateCustomerPhoneTest$testThatDoesNotPolluteTheApplicationContextUris -
                No active profile set, falling back to 1 default profile: "default"
2024-01-23 00:14:12 [main] INFO  c.a.t.t.s.o.o.UpdateCustomerPhoneTest$testThatDoesNotPolluteTheApplicationContextUris -
                Starting UpdateCustomerPhoneTest.testThatDoesNotPolluteTheApplicationContextUris using Java 17.0.6 with PID 117494 (started by brian in /media/brian/biggin/Documents/Tablet Backup/Documents/Courses/Java/personal projects/TonsOfTacosV1.2/back-end/tons-of-tacos)
2024-01-23 00:14:12 [main] DEBUG c.a.t.t.s.o.o.UpdateCustomerPhoneTest$testThatDoesNotPolluteTheApplicationContextUris -
                Running with Spring Boot v3.0.1, Spring v6.0.3
2024-01-23 00:14:12 [main] INFO  c.a.t.t.s.o.o.UpdateCustomerPhoneTest$testThatDoesNotPolluteTheApplicationContextUris -
                No active profile set, falling back to 1 default profile: "default"
2024-01-23 00:14:13 [main] INFO  c.a.t.t.mockTests.DbTests.EmptyTests -
                Starting EmptyTests using Java 17.0.6 with PID 117494 (started by brian in /media/brian/biggin/Documents/Tablet Backup/Documents/Courses/Java/personal projects/TonsOfTacosV1.2/back-end/tons-of-tacos)
2024-01-23 00:14:13 [main] DEBUG c.a.t.t.mockTests.DbTests.EmptyTests -
                Running with Spring Boot v3.0.1, Spring v6.0.3
2024-01-23 00:14:13 [main] INFO  c.a.t.t.mockTests.DbTests.EmptyTests -
                No active profile set, falling back to 1 default profile: "default"
