2024-01-22 09:29:06 [main] ERROR o.s.b.d.LoggingFailureAnalysisReporter -
                

***************************
APPLICATION FAILED TO START
***************************

Description:

Field utilityService in com.adamstraub.tonsoftacos.controllers.utilityControllers.UtilityController required a bean of type 'com.adamstraub.tonsoftacos.services.utilityServices.UtilityService' that could not be found.

The injection point has the following annotations:
	- @org.springframework.beans.factory.annotation.Autowired(required=true)


Action:

Consider defining a bean of type 'com.adamstraub.tonsoftacos.services.utilityServices.UtilityService' in your configuration.

2024-01-22 09:40:56 [main] ERROR o.s.b.d.LoggingFailureAnalysisReporter -
                

***************************
APPLICATION FAILED TO START
***************************

Description:

Field utilityService in com.adamstraub.tonsoftacos.controllers.utilityControllers.UtilityController required a bean of type 'com.adamstraub.tonsoftacos.services.utilityServices.UtilityService' that could not be found.

The injection point has the following annotations:
	- @org.springframework.beans.factory.annotation.Autowired(required=true)


Action:

Consider defining a bean of type 'com.adamstraub.tonsoftacos.services.utilityServices.UtilityService' in your configuration.

2024-01-22 11:40:25 [http-nio-8080-exec-1] ERROR o.h.e.jdbc.spi.SqlExceptionHelper -
                Unknown column 'c1_0.name' in 'field list'
